#
# There is insufficient memory for the Java Runtime Environment to continue.
# Native memory allocation (malloc) failed to allocate 1701776 bytes for Chunk::new
# Possible reasons:
#   The system is out of physical RAM or swap space
#   The process is running with CompressedOops enabled, and the Java Heap may be blocking the growth of the native heap
# Possible solutions:
#   Reduce memory load on the system
#   Increase physical memory or swap space
#   Check if swap backing store is full
#   Decrease Java heap size (-Xmx/-Xms)
#   Decrease number of Java threads
#   Decrease Java thread stack sizes (-Xss)
#   Set larger code cache with -XX:ReservedCodeCacheSize=
#   JVM is running with Zero Based Compressed Oops mode in which the Java heap is
#     placed in the first 32GB address space. The Java Heap base address is the
#     maximum limit for the native heap growth. Please use -XX:HeapBaseMinAddress
#     to set the Java Heap base and to place the Java Heap above 32GB virtual address.
# This output file may be truncated or incomplete.
#
#  Out of Memory Error (arena.cpp:189), pid=18028, tid=4208
#
# JRE version: Java(TM) SE Runtime Environment (17.0.3.1+2) (build 17.0.3.1+2-LTS-6)
# Java VM: Java HotSpot(TM) 64-Bit Server VM (17.0.3.1+2-LTS-6, mixed mode, sharing, tiered, compressed oops, compressed class ptrs, g1 gc, windows-amd64)
# No core dump will be written. Minidumps are not enabled by default on client versions of Windows
#

---------------  S U M M A R Y ------------

Command Line: -javaagent:C:\Users\Claudia Layrisse\AppData\Local\JetBrains\Toolbox\apps\IDEA-C\ch-0\221.5591.52\lib\idea_rt.jar=53756:C:\Users\Claudia Layrisse\AppData\Local\JetBrains\Toolbox\apps\IDEA-C\ch-0\221.5591.52\bin -Dfile.encoding=UTF-8 com.pokemonapp.PokemonAppApplication

Host: Intel(R) Core(TM) i7-3610QM CPU @ 2.30GHz, 8 cores, 11G,  Windows 10 , 64 bit Build 19041 (10.0.19041.1741)
Time: Mon Jun 27 18:45:30 2022 Romance Daylight Time elapsed time: 2.236950 seconds (0d 0h 0m 2s)

---------------  T H R E A D  ---------------

Current thread (0x00000213aecf71f0):  JavaThread "C2 CompilerThread0" daemon [_thread_in_native, id=4208, stack(0x000000c646200000,0x000000c646300000)]


Current CompileTask:
C2:   2246 1848       4       jdk.internal.org.objectweb.asm.Frame::execute (2305 bytes)

Stack: [0x000000c646200000,0x000000c646300000]
Native frames: (J=compiled Java code, j=interpreted, Vv=VM code, C=native code)
V  [jvm.dll+0x6711ba]
V  [jvm.dll+0x7d0834]
V  [jvm.dll+0x7d1fde]
V  [jvm.dll+0x7d2643]
V  [jvm.dll+0x242c85]
V  [jvm.dll+0xaa57b]
V  [jvm.dll+0xaab0c]
V  [jvm.dll+0x35ff22]
V  [jvm.dll+0x32a581]
V  [jvm.dll+0x329a2a]
V  [jvm.dll+0x215d61]
V  [jvm.dll+0x215181]
V  [jvm.dll+0x1a1c3d]
V  [jvm.dll+0x2249c8]
V  [jvm.dll+0x222b2c]
V  [jvm.dll+0x78650b]
V  [jvm.dll+0x780aca]
V  [jvm.dll+0x670045]
C  [ucrtbase.dll+0x21bb2]
C  [KERNEL32.DLL+0x17034]
C  [ntdll.dll+0x52651]


---------------  P R O C E S S  ---------------

Threads class SMR info:
_java_thread_list=0x00000213b087ed90, length=18, elements={
0x000002138e561e20, 0x00000213aecd8720, 0x00000213aecdb4b0, 0x00000213aecec590,
0x00000213aecf0f70, 0x00000213aecf2840, 0x00000213aecf3100, 0x00000213aecf71f0,
0x00000213aed00110, 0x00000213aed05fc0, 0x00000213aecc63d0, 0x00000213aed00620,
0x00000213afb0d0b0, 0x00000213afa65350, 0x00000213b003fe60, 0x00000213b00254a0,
0x00000213b06aab20, 0x00000213aed01040
}

Java Threads: ( => current thread )
  0x000002138e561e20 JavaThread "main" [_thread_blocked, id=18688, stack(0x000000c645500000,0x000000c645600000)]
  0x00000213aecd8720 JavaThread "Reference Handler" daemon [_thread_blocked, id=11712, stack(0x000000c645c00000,0x000000c645d00000)]
  0x00000213aecdb4b0 JavaThread "Finalizer" daemon [_thread_blocked, id=13992, stack(0x000000c645d00000,0x000000c645e00000)]
  0x00000213aecec590 JavaThread "Signal Dispatcher" daemon [_thread_blocked, id=16600, stack(0x000000c645e00000,0x000000c645f00000)]
  0x00000213aecf0f70 JavaThread "Attach Listener" daemon [_thread_blocked, id=2368, stack(0x000000c645f00000,0x000000c646000000)]
  0x00000213aecf2840 JavaThread "Service Thread" daemon [_thread_blocked, id=14440, stack(0x000000c646000000,0x000000c646100000)]
  0x00000213aecf3100 JavaThread "Monitor Deflation Thread" daemon [_thread_blocked, id=18816, stack(0x000000c646100000,0x000000c646200000)]
=>0x00000213aecf71f0 JavaThread "C2 CompilerThread0" daemon [_thread_in_native, id=4208, stack(0x000000c646200000,0x000000c646300000)]
  0x00000213aed00110 JavaThread "C1 CompilerThread0" daemon [_thread_blocked, id=14148, stack(0x000000c646300000,0x000000c646400000)]
  0x00000213aed05fc0 JavaThread "Sweeper thread" daemon [_thread_blocked, id=18176, stack(0x000000c646400000,0x000000c646500000)]
  0x00000213aecc63d0 JavaThread "Common-Cleaner" daemon [_thread_blocked, id=15576, stack(0x000000c646500000,0x000000c646600000)]
  0x00000213aed00620 JavaThread "C2 CompilerThread1" daemon [_thread_in_native, id=15996, stack(0x000000c646600000,0x000000c646700000)]
  0x00000213afb0d0b0 JavaThread "Monitor Ctrl-Break" daemon [_thread_in_native, id=18460, stack(0x000000c646700000,0x000000c646800000)]
  0x00000213afa65350 JavaThread "Notification Thread" daemon [_thread_blocked, id=3756, stack(0x000000c646800000,0x000000c646900000)]
  0x00000213b003fe60 JavaThread "Thread-0" [_thread_blocked, id=1584, stack(0x000000c646a00000,0x000000c646b00000)]
  0x00000213b00254a0 JavaThread "restartedMain" [_thread_in_vm, id=11164, stack(0x000000c646b00000,0x000000c646c00000)]
  0x00000213b06aab20 JavaThread "background-preinit" [_thread_in_vm, id=1048, stack(0x000000c647300000,0x000000c647400000)]
  0x00000213aed01040 JavaThread "C2 CompilerThread2" daemon [_thread_blocked, id=12912, stack(0x000000c647400000,0x000000c647500000)]

Other Threads:
  0x00000213aecd1800 VMThread "VM Thread" [stack: 0x000000c645b00000,0x000000c645c00000] [id=18068]
  0x000002138e5d1bd0 WatcherThread [stack: 0x000000c646900000,0x000000c646a00000] [id=15700]
  0x000002138e5b8df0 GCTaskThread "GC Thread#0" [stack: 0x000000c645600000,0x000000c645700000] [id=12424]
  0x00000213b0467f30 GCTaskThread "GC Thread#1" [stack: 0x000000c646d00000,0x000000c646e00000] [id=15924]
  0x00000213b044e8c0 GCTaskThread "GC Thread#2" [stack: 0x000000c646e00000,0x000000c646f00000] [id=4892]
  0x00000213b044eb70 GCTaskThread "GC Thread#3" [stack: 0x000000c646f00000,0x000000c647000000] [id=2900]
  0x00000213b044ee20 GCTaskThread "GC Thread#4" [stack: 0x000000c647000000,0x000000c647100000] [id=11676]
  0x00000213b04b7360 GCTaskThread "GC Thread#5" [stack: 0x000000c647100000,0x000000c647200000] [id=17908]
  0x00000213b04eacf0 GCTaskThread "GC Thread#6" [stack: 0x000000c646c00000,0x000000c646d00000] [id=10188]
  0x00000213b04eafa0 GCTaskThread "GC Thread#7" [stack: 0x000000c647200000,0x000000c647300000] [id=12128]
  0x000002138e5c7d70 ConcurrentGCThread "G1 Main Marker" [stack: 0x000000c645700000,0x000000c645800000] [id=17288]
  0x000002138e5c8f20 ConcurrentGCThread "G1 Conc#0" [stack: 0x000000c645800000,0x000000c645900000] [id=7204]
  0x000002138e61d860 ConcurrentGCThread "G1 Refine#0" [stack: 0x000000c645900000,0x000000c645a00000] [id=14800]
  0x00000213aeba1320 ConcurrentGCThread "G1 Service" [stack: 0x000000c645a00000,0x000000c645b00000] [id=19276]

Threads with active compile tasks:
C2 CompilerThread0     2612 1848       4       jdk.internal.org.objectweb.asm.Frame::execute (2305 bytes)
C2 CompilerThread1     2619 2047       4       java.net.URLStreamHandler::parseURL (1201 bytes)

VM state: not at safepoint (normal execution)

VM Mutex/Monitor currently owned by a thread:  ([mutex/lock_event])
[0x000002138e55b0e0] Metaspace_lock - owner thread: 0x00000213b06aab20

Heap address: 0x0000000740a00000, size: 3062 MB, Compressed Oops mode: Zero based, Oop shift amount: 3

CDS archive(s) mapped at: [0x0000000800000000-0x0000000800bc0000-0x0000000800bc0000), size 12320768, SharedBaseAddress: 0x0000000800000000, ArchiveRelocationMode: 0.
Compressed class space mapped at: 0x0000000800c00000-0x0000000840c00000, reserved size: 1073741824
Narrow klass base: 0x0000000800000000, Narrow klass shift: 0, Narrow klass range: 0x100000000

GC Precious Log:
 CPUs: 8 total, 8 available
 Memory: 12247M
 Large Page Support: Disabled
 NUMA Support: Disabled
 Compressed Oops: Enabled (Zero based)
 Heap Region Size: 2M
 Heap Min Capacity: 8M
 Heap Initial Capacity: 192M
 Heap Max Capacity: 3062M
 Pre-touch: Disabled
 Parallel Workers: 8
 Concurrent Workers: 2
 Concurrent Refinement Workers: 8
 Periodic GC: Disabled

Heap:
 garbage-first heap   total 196608K, used 28832K [0x0000000740a00000, 0x0000000800000000)
  region size 2048K, 12 young (24576K), 1 survivors (2048K)
 Metaspace       used 16528K, committed 16704K, reserved 1064960K
  class space    used 2097K, committed 2176K, reserved 1048576K

Heap Regions: E=young(eden), S=young(survivor), O=old, HS=humongous(starts), HC=humongous(continues), CS=collection set, F=free, OA=open archive, CA=closed archive, TAMS=top-at-mark-start (previous, next)
|   0|0x0000000740a00000, 0x0000000740c00000, 0x0000000740c00000|100%| O|  |TAMS 0x0000000740a00000, 0x0000000740a00000| Untracked 
|   1|0x0000000740c00000, 0x0000000740e00000, 0x0000000740e00000|100%| O|  |TAMS 0x0000000740c00000, 0x0000000740c00000| Untracked 
|   2|0x0000000740e00000, 0x0000000741000000, 0x0000000741000000|100%| O|  |TAMS 0x0000000740e00000, 0x0000000740e00000| Untracked 
|   3|0x0000000741000000, 0x0000000741039600, 0x0000000741200000| 11%| O|  |TAMS 0x0000000741000000, 0x0000000741000000| Untracked 
|   4|0x0000000741200000, 0x0000000741200000, 0x0000000741400000|  0%| F|  |TAMS 0x0000000741200000, 0x0000000741200000| Untracked 
|   5|0x0000000741400000, 0x0000000741400000, 0x0000000741600000|  0%| F|  |TAMS 0x0000000741400000, 0x0000000741400000| Untracked 
|   6|0x0000000741600000, 0x0000000741600000, 0x0000000741800000|  0%| F|  |TAMS 0x0000000741600000, 0x0000000741600000| Untracked 
|   7|0x0000000741800000, 0x0000000741800000, 0x0000000741a00000|  0%| F|  |TAMS 0x0000000741800000, 0x0000000741800000| Untracked 
|   8|0x0000000741a00000, 0x0000000741a00000, 0x0000000741c00000|  0%| F|  |TAMS 0x0000000741a00000, 0x0000000741a00000| Untracked 
|   9|0x0000000741c00000, 0x0000000741c00000, 0x0000000741e00000|  0%| F|  |TAMS 0x0000000741c00000, 0x0000000741c00000| Untracked 
|  10|0x0000000741e00000, 0x0000000741e00000, 0x0000000742000000|  0%| F|  |TAMS 0x0000000741e00000, 0x0000000741e00000| Untracked 
|  11|0x0000000742000000, 0x0000000742000000, 0x0000000742200000|  0%| F|  |TAMS 0x0000000742000000, 0x0000000742000000| Untracked 
|  12|0x0000000742200000, 0x0000000742200000, 0x0000000742400000|  0%| F|  |TAMS 0x0000000742200000, 0x0000000742200000| Untracked 
|  13|0x0000000742400000, 0x0000000742400000, 0x0000000742600000|  0%| F|  |TAMS 0x0000000742400000, 0x0000000742400000| Untracked 
|  14|0x0000000742600000, 0x0000000742600000, 0x0000000742800000|  0%| F|  |TAMS 0x0000000742600000, 0x0000000742600000| Untracked 
|  15|0x0000000742800000, 0x0000000742800000, 0x0000000742a00000|  0%| F|  |TAMS 0x0000000742800000, 0x0000000742800000| Untracked 
|  16|0x0000000742a00000, 0x0000000742a00000, 0x0000000742c00000|  0%| F|  |TAMS 0x0000000742a00000, 0x0000000742a00000| Untracked 
|  17|0x0000000742c00000, 0x0000000742c00000, 0x0000000742e00000|  0%| F|  |TAMS 0x0000000742c00000, 0x0000000742c00000| Untracked 
|  18|0x0000000742e00000, 0x0000000742e00000, 0x0000000743000000|  0%| F|  |TAMS 0x0000000742e00000, 0x0000000742e00000| Untracked 
|  19|0x0000000743000000, 0x0000000743000000, 0x0000000743200000|  0%| F|  |TAMS 0x0000000743000000, 0x0000000743000000| Untracked 
|  20|0x0000000743200000, 0x0000000743200000, 0x0000000743400000|  0%| F|  |TAMS 0x0000000743200000, 0x0000000743200000| Untracked 
|  21|0x0000000743400000, 0x0000000743400000, 0x0000000743600000|  0%| F|  |TAMS 0x0000000743400000, 0x0000000743400000| Untracked 
|  22|0x0000000743600000, 0x0000000743600000, 0x0000000743800000|  0%| F|  |TAMS 0x0000000743600000, 0x0000000743600000| Untracked 
|  23|0x0000000743800000, 0x0000000743800000, 0x0000000743a00000|  0%| F|  |TAMS 0x0000000743800000, 0x0000000743800000| Untracked 
|  24|0x0000000743a00000, 0x0000000743a00000, 0x0000000743c00000|  0%| F|  |TAMS 0x0000000743a00000, 0x0000000743a00000| Untracked 
|  25|0x0000000743c00000, 0x0000000743c00000, 0x0000000743e00000|  0%| F|  |TAMS 0x0000000743c00000, 0x0000000743c00000| Untracked 
|  26|0x0000000743e00000, 0x0000000743e00000, 0x0000000744000000|  0%| F|  |TAMS 0x0000000743e00000, 0x0000000743e00000| Untracked 
|  27|0x0000000744000000, 0x0000000744000000, 0x0000000744200000|  0%| F|  |TAMS 0x0000000744000000, 0x0000000744000000| Untracked 
|  28|0x0000000744200000, 0x0000000744200000, 0x0000000744400000|  0%| F|  |TAMS 0x0000000744200000, 0x0000000744200000| Untracked 
|  29|0x0000000744400000, 0x0000000744400000, 0x0000000744600000|  0%| F|  |TAMS 0x0000000744400000, 0x0000000744400000| Untracked 
|  30|0x0000000744600000, 0x0000000744600000, 0x0000000744800000|  0%| F|  |TAMS 0x0000000744600000, 0x0000000744600000| Untracked 
|  31|0x0000000744800000, 0x0000000744800000, 0x0000000744a00000|  0%| F|  |TAMS 0x0000000744800000, 0x0000000744800000| Untracked 
|  32|0x0000000744a00000, 0x0000000744a00000, 0x0000000744c00000|  0%| F|  |TAMS 0x0000000744a00000, 0x0000000744a00000| Untracked 
|  33|0x0000000744c00000, 0x0000000744c00000, 0x0000000744e00000|  0%| F|  |TAMS 0x0000000744c00000, 0x0000000744c00000| Untracked 
|  34|0x0000000744e00000, 0x0000000744e00000, 0x0000000745000000|  0%| F|  |TAMS 0x0000000744e00000, 0x0000000744e00000| Untracked 
|  35|0x0000000745000000, 0x0000000745000000, 0x0000000745200000|  0%| F|  |TAMS 0x0000000745000000, 0x0000000745000000| Untracked 
|  36|0x0000000745200000, 0x0000000745200000, 0x0000000745400000|  0%| F|  |TAMS 0x0000000745200000, 0x0000000745200000| Untracked 
|  37|0x0000000745400000, 0x0000000745400000, 0x0000000745600000|  0%| F|  |TAMS 0x0000000745400000, 0x0000000745400000| Untracked 
|  38|0x0000000745600000, 0x0000000745600000, 0x0000000745800000|  0%| F|  |TAMS 0x0000000745600000, 0x0000000745600000| Untracked 
|  39|0x0000000745800000, 0x0000000745800000, 0x0000000745a00000|  0%| F|  |TAMS 0x0000000745800000, 0x0000000745800000| Untracked 
|  40|0x0000000745a00000, 0x0000000745a00000, 0x0000000745c00000|  0%| F|  |TAMS 0x0000000745a00000, 0x0000000745a00000| Untracked 
|  41|0x0000000745c00000, 0x0000000745c00000, 0x0000000745e00000|  0%| F|  |TAMS 0x0000000745c00000, 0x0000000745c00000| Untracked 
|  42|0x0000000745e00000, 0x0000000745e00000, 0x0000000746000000|  0%| F|  |TAMS 0x0000000745e00000, 0x0000000745e00000| Untracked 
|  43|0x0000000746000000, 0x0000000746000000, 0x0000000746200000|  0%| F|  |TAMS 0x0000000746000000, 0x0000000746000000| Untracked 
|  44|0x0000000746200000, 0x0000000746200000, 0x0000000746400000|  0%| F|  |TAMS 0x0000000746200000, 0x0000000746200000| Untracked 
|  45|0x0000000746400000, 0x0000000746400000, 0x0000000746600000|  0%| F|  |TAMS 0x0000000746400000, 0x0000000746400000| Untracked 
|  46|0x0000000746600000, 0x0000000746600000, 0x0000000746800000|  0%| F|  |TAMS 0x0000000746600000, 0x0000000746600000| Untracked 
|  47|0x0000000746800000, 0x0000000746800000, 0x0000000746a00000|  0%| F|  |TAMS 0x0000000746800000, 0x0000000746800000| Untracked 
|  48|0x0000000746a00000, 0x0000000746a00000, 0x0000000746c00000|  0%| F|  |TAMS 0x0000000746a00000, 0x0000000746a00000| Untracked 
|  49|0x0000000746c00000, 0x0000000746c00000, 0x0000000746e00000|  0%| F|  |TAMS 0x0000000746c00000, 0x0000000746c00000| Untracked 
|  50|0x0000000746e00000, 0x0000000746e00000, 0x0000000747000000|  0%| F|  |TAMS 0x0000000746e00000, 0x0000000746e00000| Untracked 
|  51|0x0000000747000000, 0x0000000747000000, 0x0000000747200000|  0%| F|  |TAMS 0x0000000747000000, 0x0000000747000000| Untracked 
|  52|0x0000000747200000, 0x0000000747200000, 0x0000000747400000|  0%| F|  |TAMS 0x0000000747200000, 0x0000000747200000| Untracked 
|  53|0x0000000747400000, 0x0000000747400000, 0x0000000747600000|  0%| F|  |TAMS 0x0000000747400000, 0x0000000747400000| Untracked 
|  54|0x0000000747600000, 0x0000000747600000, 0x0000000747800000|  0%| F|  |TAMS 0x0000000747600000, 0x0000000747600000| Untracked 
|  55|0x0000000747800000, 0x0000000747800000, 0x0000000747a00000|  0%| F|  |TAMS 0x0000000747800000, 0x0000000747800000| Untracked 
|  56|0x0000000747a00000, 0x0000000747a00000, 0x0000000747c00000|  0%| F|  |TAMS 0x0000000747a00000, 0x0000000747a00000| Untracked 
|  57|0x0000000747c00000, 0x0000000747c00000, 0x0000000747e00000|  0%| F|  |TAMS 0x0000000747c00000, 0x0000000747c00000| Untracked 
|  58|0x0000000747e00000, 0x0000000747e00000, 0x0000000748000000|  0%| F|  |TAMS 0x0000000747e00000, 0x0000000747e00000| Untracked 
|  59|0x0000000748000000, 0x0000000748000000, 0x0000000748200000|  0%| F|  |TAMS 0x0000000748000000, 0x0000000748000000| Untracked 
|  60|0x0000000748200000, 0x0000000748200000, 0x0000000748400000|  0%| F|  |TAMS 0x0000000748200000, 0x0000000748200000| Untracked 
|  61|0x0000000748400000, 0x0000000748400000, 0x0000000748600000|  0%| F|  |TAMS 0x0000000748400000, 0x0000000748400000| Untracked 
|  62|0x0000000748600000, 0x0000000748600000, 0x0000000748800000|  0%| F|  |TAMS 0x0000000748600000, 0x0000000748600000| Untracked 
|  63|0x0000000748800000, 0x0000000748800000, 0x0000000748a00000|  0%| F|  |TAMS 0x0000000748800000, 0x0000000748800000| Untracked 
|  64|0x0000000748a00000, 0x0000000748a00000, 0x0000000748c00000|  0%| F|  |TAMS 0x0000000748a00000, 0x0000000748a00000| Untracked 
|  65|0x0000000748c00000, 0x0000000748c00000, 0x0000000748e00000|  0%| F|  |TAMS 0x0000000748c00000, 0x0000000748c00000| Untracked 
|  66|0x0000000748e00000, 0x0000000748e00000, 0x0000000749000000|  0%| F|  |TAMS 0x0000000748e00000, 0x0000000748e00000| Untracked 
|  67|0x0000000749000000, 0x0000000749000000, 0x0000000749200000|  0%| F|  |TAMS 0x0000000749000000, 0x0000000749000000| Untracked 
|  68|0x0000000749200000, 0x0000000749200000, 0x0000000749400000|  0%| F|  |TAMS 0x0000000749200000, 0x0000000749200000| Untracked 
|  69|0x0000000749400000, 0x0000000749400000, 0x0000000749600000|  0%| F|  |TAMS 0x0000000749400000, 0x0000000749400000| Untracked 
|  70|0x0000000749600000, 0x0000000749600000, 0x0000000749800000|  0%| F|  |TAMS 0x0000000749600000, 0x0000000749600000| Untracked 
|  71|0x0000000749800000, 0x0000000749800000, 0x0000000749a00000|  0%| F|  |TAMS 0x0000000749800000, 0x0000000749800000| Untracked 
|  72|0x0000000749a00000, 0x0000000749a00000, 0x0000000749c00000|  0%| F|  |TAMS 0x0000000749a00000, 0x0000000749a00000| Untracked 
|  73|0x0000000749c00000, 0x0000000749c00000, 0x0000000749e00000|  0%| F|  |TAMS 0x0000000749c00000, 0x0000000749c00000| Untracked 
|  74|0x0000000749e00000, 0x0000000749e00000, 0x000000074a000000|  0%| F|  |TAMS 0x0000000749e00000, 0x0000000749e00000| Untracked 
|  75|0x000000074a000000, 0x000000074a000000, 0x000000074a200000|  0%| F|  |TAMS 0x000000074a000000, 0x000000074a000000| Untracked 
|  76|0x000000074a200000, 0x000000074a200000, 0x000000074a400000|  0%| F|  |TAMS 0x000000074a200000, 0x000000074a200000| Untracked 
|  77|0x000000074a400000, 0x000000074a400000, 0x000000074a600000|  0%| F|  |TAMS 0x000000074a400000, 0x000000074a400000| Untracked 
|  78|0x000000074a600000, 0x000000074a600000, 0x000000074a800000|  0%| F|  |TAMS 0x000000074a600000, 0x000000074a600000| Untracked 
|  79|0x000000074a800000, 0x000000074a800000, 0x000000074aa00000|  0%| F|  |TAMS 0x000000074a800000, 0x000000074a800000| Untracked 
|  80|0x000000074aa00000, 0x000000074abeeba8, 0x000000074ac00000| 96%| S|CS|TAMS 0x000000074aa00000, 0x000000074aa00000| Complete 
|  81|0x000000074ac00000, 0x000000074ac00000, 0x000000074ae00000|  0%| F|  |TAMS 0x000000074ac00000, 0x000000074ac00000| Untracked 
|  82|0x000000074ae00000, 0x000000074ae00000, 0x000000074b000000|  0%| F|  |TAMS 0x000000074ae00000, 0x000000074ae00000| Untracked 
|  83|0x000000074b000000, 0x000000074b000000, 0x000000074b200000|  0%| F|  |TAMS 0x000000074b000000, 0x000000074b000000| Untracked 
|  84|0x000000074b200000, 0x000000074b200000, 0x000000074b400000|  0%| F|  |TAMS 0x000000074b200000, 0x000000074b200000| Untracked 
|  85|0x000000074b400000, 0x000000074b600000, 0x000000074b600000|100%| E|  |TAMS 0x000000074b400000, 0x000000074b400000| Complete 
|  86|0x000000074b600000, 0x000000074b800000, 0x000000074b800000|100%| E|CS|TAMS 0x000000074b600000, 0x000000074b600000| Complete 
|  87|0x000000074b800000, 0x000000074ba00000, 0x000000074ba00000|100%| E|CS|TAMS 0x000000074b800000, 0x000000074b800000| Complete 
|  88|0x000000074ba00000, 0x000000074bc00000, 0x000000074bc00000|100%| E|CS|TAMS 0x000000074ba00000, 0x000000074ba00000| Complete 
|  89|0x000000074bc00000, 0x000000074be00000, 0x000000074be00000|100%| E|CS|TAMS 0x000000074bc00000, 0x000000074bc00000| Complete 
|  90|0x000000074be00000, 0x000000074c000000, 0x000000074c000000|100%| E|CS|TAMS 0x000000074be00000, 0x000000074be00000| Complete 
|  91|0x000000074c000000, 0x000000074c200000, 0x000000074c200000|100%| E|CS|TAMS 0x000000074c000000, 0x000000074c000000| Complete 
|  92|0x000000074c200000, 0x000000074c400000, 0x000000074c400000|100%| E|CS|TAMS 0x000000074c200000, 0x000000074c200000| Complete 
|  93|0x000000074c400000, 0x000000074c600000, 0x000000074c600000|100%| E|CS|TAMS 0x000000074c400000, 0x000000074c400000| Complete 
|  94|0x000000074c600000, 0x000000074c800000, 0x000000074c800000|100%| E|CS|TAMS 0x000000074c600000, 0x000000074c600000| Complete 
|  95|0x000000074c800000, 0x000000074ca00000, 0x000000074ca00000|100%| E|CS|TAMS 0x000000074c800000, 0x000000074c800000| Complete 

Card table byte_map: [0x00000213a5700000,0x00000213a5d00000] _byte_map_base: 0x00000213a1cfb000

Marking Bits (Prev, Next): (CMBitMap*) 0x000002138e5bb420, (CMBitMap*) 0x000002138e5bb460
 Prev Bits: [0x00000213a6300000, 0x00000213a92d8000)
 Next Bits: [0x00000213a92e0000, 0x00000213ac2b8000)

Polling page: 0x000002138c510000

Metaspace:

Usage:
  Non-class:     14.09 MB used.
      Class:      2.05 MB used.
       Both:     16.14 MB used.

Virtual space:
  Non-class space:       16.00 MB reserved,      14.19 MB ( 89%) committed,  2 nodes.
      Class space:        1.00 GB reserved,       2.12 MB ( <1%) committed,  1 nodes.
             Both:        1.02 GB reserved,      16.31 MB (  2%) committed. 

Chunk freelists:
   Non-Class:  1.23 MB
       Class:  1.88 MB
        Both:  3.11 MB

MaxMetaspaceSize: unlimited
CompressedClassSpaceSize: 1.00 GB
Initial GC threshold: 21.00 MB
Current GC threshold: 21.00 MB
CDS: on
MetaspaceReclaimPolicy: balanced
 - commit_granule_bytes: 65536.
 - commit_granule_words: 8192.
 - virtual_space_node_default_size: 1048576.
 - enlarge_chunks_in_place: 1.
 - new_chunks_are_fully_committed: 0.
 - uncommit_free_chunks: 1.
 - use_allocation_guard: 0.
 - handle_deallocations: 1.


Internal statistics:

num_allocs_failed_limit: 0.
num_arena_births: 160.
num_arena_deaths: 0.
num_vsnodes_births: 3.
num_vsnodes_deaths: 0.
num_space_committed: 261.
num_space_uncommitted: 0.
num_chunks_returned_to_freelist: 0.
num_chunks_taken_from_freelist: 671.
num_chunk_merges: 0.
num_chunk_splits: 467.
num_chunks_enlarged: 380.
num_purges: 0.
num_inconsistent_stats: 0.

CodeHeap 'non-profiled nmethods': size=120000Kb used=789Kb max_used=789Kb free=119210Kb
 bounds [0x000002139d8a0000, 0x000002139db10000, 0x00000213a4dd0000]
CodeHeap 'profiled nmethods': size=120000Kb used=3860Kb max_used=3860Kb free=116140Kb
 bounds [0x0000021396370000, 0x0000021396740000, 0x000002139d8a0000]
CodeHeap 'non-nmethods': size=5760Kb used=1179Kb max_used=1215Kb free=4580Kb
 bounds [0x0000021395dd0000, 0x0000021396040000, 0x0000021396370000]
 total_blobs=2530 nmethods=2061 adapters=381
 compilation: enabled
              stopped_count=0, restarted_count=0
 full_count=0

Compilation events (20 events):
Event: 2.133 Thread 0x00000213aed00110 2043       3       java.util.Arrays$ArrayList::size (6 bytes)
Event: 2.133 Thread 0x00000213aed00110 nmethod 2043 0x000002139672f010 code [0x000002139672f1a0, 0x000002139672f2b8]
Event: 2.136 Thread 0x00000213aed00110 2044       3       org.springframework.boot.devtools.restart.classloader.ClassLoaderFiles::getFile (54 bytes)
Event: 2.137 Thread 0x00000213aed00110 nmethod 2044 0x000002139672f390 code [0x000002139672f5a0, 0x000002139672fc48]
Event: 2.137 Thread 0x00000213aed00620 nmethod 1949 0x000002139d95fd10 code [0x000002139d95fec0, 0x000002139d960408]
Event: 2.138 Thread 0x00000213aed00110 2045       3       java.lang.ClassLoader::getParent (32 bytes)
Event: 2.139 Thread 0x00000213aed00110 nmethod 2045 0x000002139672fe10 code [0x0000021396730040, 0x00000213967309f8]
Event: 2.141 Thread 0x00000213aed00620 2046       4       java.util.jar.Attributes$Name::hash (148 bytes)
Event: 2.147 Thread 0x00000213aed00620 nmethod 2046 0x000002139d960790 code [0x000002139d960920, 0x000002139d960b68]
Event: 2.149 Thread 0x00000213aed00620 2047       4       java.net.URLStreamHandler::parseURL (1201 bytes)
Event: 2.151 Thread 0x00000213aed01040 2048       4       java.util.jar.Manifest$FastInputStream::peek (38 bytes)
Event: 2.152 Thread 0x00000213aed00110 2049       3       java.lang.Package::<init> (47 bytes)
Event: 2.152 Thread 0x00000213aed00110 nmethod 2049 0x0000021396730d10 code [0x0000021396730f00, 0x0000021396731368]
Event: 2.153 Thread 0x00000213aed00110 2050       3       java.lang.Package$VersionInfo::getInstance (53 bytes)
Event: 2.153 Thread 0x00000213aed01040 nmethod 2048 0x000002139d960e10 code [0x000002139d960fa0, 0x000002139d9610a8]
Event: 2.153 Thread 0x00000213aed00110 nmethod 2050 0x0000021396731590 code [0x0000021396731740, 0x0000021396731b08]
Event: 2.155 Thread 0x00000213aed01040 2051       4       java.util.Arrays::copyOf (19 bytes)
Event: 2.158 Thread 0x00000213aed01040 nmethod 2051 0x000002139d961190 code [0x000002139d961320, 0x000002139d9615d8]
Event: 2.160 Thread 0x00000213aed00110 2052       3       java.util.zip.ZipUtils::get16 (21 bytes)
Event: 2.161 Thread 0x00000213aed00110 nmethod 2052 0x0000021396731c10 code [0x0000021396731da0, 0x0000021396731ef8]

GC Heap History (4 events):
Event: 1.014 GC heap before
{Heap before GC invocations=0 (full 0):
 garbage-first heap   total 196608K, used 22528K [0x0000000740a00000, 0x0000000800000000)
  region size 2048K, 11 young (22528K), 0 survivors (0K)
 Metaspace       used 5223K, committed 5376K, reserved 1056768K
  class space    used 569K, committed 640K, reserved 1048576K
}
Event: 1.020 GC heap after
{Heap after GC invocations=1 (full 0):
 garbage-first heap   total 196608K, used 6361K [0x0000000740a00000, 0x0000000800000000)
  region size 2048K, 2 young (4096K), 2 survivors (4096K)
 Metaspace       used 5223K, committed 5376K, reserved 1056768K
  class space    used 569K, committed 640K, reserved 1048576K
}
Event: 1.806 GC heap before
{Heap before GC invocations=1 (full 0):
 garbage-first heap   total 196608K, used 30937K [0x0000000740a00000, 0x0000000800000000)
  region size 2048K, 15 young (30720K), 2 survivors (4096K)
 Metaspace       used 11622K, committed 11904K, reserved 1064960K
  class space    used 1480K, committed 1600K, reserved 1048576K
}
Event: 1.812 GC heap after
{Heap after GC invocations=2 (full 0):
 garbage-first heap   total 196608K, used 8352K [0x0000000740a00000, 0x0000000800000000)
  region size 2048K, 1 young (2048K), 1 survivors (2048K)
 Metaspace       used 11622K, committed 11904K, reserved 1064960K
  class space    used 1480K, committed 1600K, reserved 1048576K
}

Deoptimization events (20 events):
Event: 2.002 Thread 0x00000213b06aab20 Uncommon trap: trap_request=0xffffffc6 fr.pc=0x000002139d945818 relative=0x00000000000019f8
Event: 2.002 Thread 0x00000213b06aab20 Uncommon trap: reason=bimorphic_or_optimized_type_check action=maybe_recompile pc=0x000002139d945818 method=java.util.HashMap.putVal(ILjava/lang/Object;Ljava/lang/Object;ZZ)Ljava/lang/Object; @ 91 c2
Event: 2.002 Thread 0x00000213b06aab20 DEOPT PACKING pc=0x000002139d945818 sp=0x000000c6473febb0
Event: 2.002 Thread 0x00000213b06aab20 DEOPT UNPACKING pc=0x0000021395e223a3 sp=0x000000c6473fea78 mode 2
Event: 2.003 Thread 0x00000213b06aab20 Uncommon trap: trap_request=0xffffffc6 fr.pc=0x000002139d945818 relative=0x00000000000019f8
Event: 2.003 Thread 0x00000213b06aab20 Uncommon trap: reason=bimorphic_or_optimized_type_check action=maybe_recompile pc=0x000002139d945818 method=java.util.HashMap.putVal(ILjava/lang/Object;Ljava/lang/Object;ZZ)Ljava/lang/Object; @ 91 c2
Event: 2.003 Thread 0x00000213b06aab20 DEOPT PACKING pc=0x000002139d945818 sp=0x000000c6473febb0
Event: 2.003 Thread 0x00000213b06aab20 DEOPT UNPACKING pc=0x0000021395e223a3 sp=0x000000c6473fea78 mode 2
Event: 2.007 Thread 0x00000213b06aab20 Uncommon trap: trap_request=0xffffffc6 fr.pc=0x000002139d945818 relative=0x00000000000019f8
Event: 2.007 Thread 0x00000213b06aab20 Uncommon trap: reason=bimorphic_or_optimized_type_check action=maybe_recompile pc=0x000002139d945818 method=java.util.HashMap.putVal(ILjava/lang/Object;Ljava/lang/Object;ZZ)Ljava/lang/Object; @ 91 c2
Event: 2.007 Thread 0x00000213b06aab20 DEOPT PACKING pc=0x000002139d945818 sp=0x000000c6473fec70
Event: 2.007 Thread 0x00000213b06aab20 DEOPT UNPACKING pc=0x0000021395e223a3 sp=0x000000c6473feb28 mode 2
Event: 2.007 Thread 0x00000213b06aab20 Uncommon trap: trap_request=0xffffffc6 fr.pc=0x000002139d945818 relative=0x00000000000019f8
Event: 2.007 Thread 0x00000213b06aab20 Uncommon trap: reason=bimorphic_or_optimized_type_check action=maybe_recompile pc=0x000002139d945818 method=java.util.HashMap.putVal(ILjava/lang/Object;Ljava/lang/Object;ZZ)Ljava/lang/Object; @ 91 c2
Event: 2.007 Thread 0x00000213b06aab20 DEOPT PACKING pc=0x000002139d945818 sp=0x000000c6473fec70
Event: 2.007 Thread 0x00000213b06aab20 DEOPT UNPACKING pc=0x0000021395e223a3 sp=0x000000c6473feb28 mode 2
Event: 2.010 Thread 0x00000213b06aab20 Uncommon trap: trap_request=0xffffffc6 fr.pc=0x000002139d91c5d4 relative=0x00000000000007d4
Event: 2.010 Thread 0x00000213b06aab20 Uncommon trap: reason=bimorphic_or_optimized_type_check action=maybe_recompile pc=0x000002139d91c5d4 method=java.util.HashMap.putVal(ILjava/lang/Object;Ljava/lang/Object;ZZ)Ljava/lang/Object; @ 91 c2
Event: 2.010 Thread 0x00000213b06aab20 DEOPT PACKING pc=0x000002139d91c5d4 sp=0x000000c6473fe9e0
Event: 2.010 Thread 0x00000213b06aab20 DEOPT UNPACKING pc=0x0000021395e223a3 sp=0x000000c6473fe970 mode 2

Classes unloaded (0 events):
No events

Classes redefined (0 events):
No events

Internal exceptions (20 events):
Event: 1.643 Thread 0x00000213b00254a0 Implicit null exception at 0x000002139d8f770e to 0x000002139d8f7af4
Event: 1.644 Thread 0x00000213b00254a0 Implicit null exception at 0x000002139d8f808e to 0x000002139d8f8468
Event: 1.874 Thread 0x00000213b00254a0 Exception <a 'java/lang/ClassNotFoundException'{0x000000074c6d5528}: java/lang/ObjectCustomizer> (0x000000074c6d5528) 
thrown [t:\workspace\open\src\hotspot\share\classfile\systemDictionary.cpp, line 256]
Event: 1.878 Thread 0x00000213b00254a0 Exception <a 'java/lang/IncompatibleClassChangeError'{0x000000074c6da3c8}: Found class java.lang.Object, but interface was expected> (0x000000074c6da3c8) 
thrown [t:\workspace\open\src\hotspot\share\interpreter\linkResolver.cpp, line 833]
Event: 1.883 Thread 0x00000213b00254a0 Exception <a 'java/lang/ClassNotFoundException'{0x000000074c6f3e30}: org/springframework/context/annotation/ConfigurationClassPostProcessorCustomizer> (0x000000074c6f3e30) 
thrown [t:\workspace\open\src\hotspot\share\classfile\systemDictionary.cpp, line 256]
Event: 1.888 Thread 0x00000213b00254a0 Exception <a 'java/lang/ClassNotFoundException'{0x000000074c7136e8}: org/springframework/beans/factory/support/BeanDefinitionRegistryPostProcessorCustomizer> (0x000000074c7136e8) 
thrown [t:\workspace\open\src\hotspot\share\classfile\systemDictionary.cpp, line 256]
Event: 1.889 Thread 0x00000213b00254a0 Exception <a 'java/lang/ClassNotFoundException'{0x000000074c719280}: org/springframework/beans/factory/config/BeanFactoryPostProcessorCustomizer> (0x000000074c719280) 
thrown [t:\workspace\open\src\hotspot\share\classfile\systemDictionary.cpp, line 256]
Event: 1.889 Thread 0x00000213b00254a0 Exception <a 'java/lang/ClassNotFoundException'{0x000000074c71eb50}: org/springframework/core/PriorityOrderedCustomizer> (0x000000074c71eb50) 
thrown [t:\workspace\open\src\hotspot\share\classfile\systemDictionary.cpp, line 256]
Event: 1.890 Thread 0x00000213b00254a0 Exception <a 'java/lang/ClassNotFoundException'{0x000000074c723050}: org/springframework/core/OrderedCustomizer> (0x000000074c723050) 
thrown [t:\workspace\open\src\hotspot\share\classfile\systemDictionary.cpp, line 256]
Event: 1.891 Thread 0x00000213b00254a0 Exception <a 'java/lang/ClassNotFoundException'{0x000000074c7287e8}: org/springframework/context/ResourceLoaderAwareCustomizer> (0x000000074c7287e8) 
thrown [t:\workspace\open\src\hotspot\share\classfile\systemDictionary.cpp, line 256]
Event: 1.891 Thread 0x00000213b00254a0 Exception <a 'java/lang/ClassNotFoundException'{0x000000074c72e0d0}: org/springframework/beans/factory/AwareCustomizer> (0x000000074c72e0d0) 
thrown [t:\workspace\open\src\hotspot\share\classfile\systemDictionary.cpp, line 256]
Event: 1.892 Thread 0x00000213b00254a0 Exception <a 'java/lang/ClassNotFoundException'{0x000000074c7329b8}: org/springframework/context/ApplicationStartupAwareCustomizer> (0x000000074c7329b8) 
thrown [t:\workspace\open\src\hotspot\share\classfile\systemDictionary.cpp, line 256]
Event: 1.893 Thread 0x00000213b00254a0 Exception <a 'java/lang/ClassNotFoundException'{0x000000074c738528}: org/springframework/beans/factory/AwareCustomizer> (0x000000074c738528) 
thrown [t:\workspace\open\src\hotspot\share\classfile\systemDictionary.cpp, line 256]
Event: 1.893 Thread 0x00000213b00254a0 Exception <a 'java/lang/ClassNotFoundException'{0x000000074c73ce58}: org/springframework/beans/factory/BeanClassLoaderAwareCustomizer> (0x000000074c73ce58) 
thrown [t:\workspace\open\src\hotspot\share\classfile\systemDictionary.cpp, line 256]
Event: 1.894 Thread 0x00000213b00254a0 Exception <a 'java/lang/ClassNotFoundException'{0x000000074c742728}: org/springframework/beans/factory/AwareCustomizer> (0x000000074c742728) 
thrown [t:\workspace\open\src\hotspot\share\classfile\systemDictionary.cpp, line 256]
Event: 1.894 Thread 0x00000213b00254a0 Exception <a 'java/lang/ClassNotFoundException'{0x000000074c746d90}: org/springframework/context/EnvironmentAwareCustomizer> (0x000000074c746d90) 
thrown [t:\workspace\open\src\hotspot\share\classfile\systemDictionary.cpp, line 256]
Event: 1.895 Thread 0x00000213b00254a0 Exception <a 'java/lang/ClassNotFoundException'{0x000000074c74c5f8}: org/springframework/beans/factory/AwareCustomizer> (0x000000074c74c5f8) 
thrown [t:\workspace\open\src\hotspot\share\classfile\systemDictionary.cpp, line 256]
Event: 1.922 Thread 0x00000213b00254a0 Exception <a 'java/lang/NoSuchMethodError'{0x000000074c5caf00}: 'java.lang.Object java.lang.invoke.DirectMethodHandle$Holder.invokeVirtual(java.lang.Object, java.lang.Object, java.lang.Object)'> (0x000000074c5caf00) 
thrown [t:\workspace\open\src\hotspot\share\interpreter\linkResolver.cpp, line 766]
Event: 2.061 Thread 0x00000213b06aab20 Exception <a 'java/lang/NoSuchMethodError'{0x000000074bc6e5f0}: 'java.lang.Object java.lang.invoke.DirectMethodHandle$Holder.invokeStaticInit(java.lang.Object, java.lang.Object, java.lang.Object)'> (0x000000074bc6e5f0) 
thrown [t:\workspace\open\src\hotspot\share\interpreter\linkResolver.cpp, line 766]
Event: 2.063 Thread 0x00000213b06aab20 Exception <a 'java/lang/NoSuchMethodError'{0x000000074bc744e0}: 'java.lang.Object java.lang.invoke.DirectMethodHandle$Holder.invokeStaticInit(java.lang.Object, java.lang.Object, java.lang.Object, java.lang.Object, java.lang.Object)'> (0x000000074bc744e0) 
thrown [t:\workspace\open\src\hotspot\share\interpreter\linkResolver.cpp, line 766]

VM Operations (20 events):
Event: 1.009 Executing VM operation: HandshakeAllThreads
Event: 1.009 Executing VM operation: HandshakeAllThreads done
Event: 1.014 Executing VM operation: G1CollectForAllocation
Event: 1.020 Executing VM operation: G1CollectForAllocation done
Event: 1.308 Executing VM operation: HandshakeAllThreads
Event: 1.308 Executing VM operation: HandshakeAllThreads done
Event: 1.619 Executing VM operation: ICBufferFull
Event: 1.619 Executing VM operation: ICBufferFull done
Event: 1.724 Executing VM operation: HandshakeAllThreads
Event: 1.724 Executing VM operation: HandshakeAllThreads done
Event: 1.749 Executing VM operation: HandshakeAllThreads
Event: 1.749 Executing VM operation: HandshakeAllThreads done
Event: 1.760 Executing VM operation: HandshakeAllThreads
Event: 1.760 Executing VM operation: HandshakeAllThreads done
Event: 1.806 Executing VM operation: G1CollectForAllocation
Event: 1.812 Executing VM operation: G1CollectForAllocation done
Event: 1.815 Executing VM operation: HandshakeAllThreads
Event: 1.815 Executing VM operation: HandshakeAllThreads done
Event: 1.911 Executing VM operation: HandshakeAllThreads
Event: 1.911 Executing VM operation: HandshakeAllThreads done

Events (20 events):
Event: 2.118 loading class com/sun/org/apache/xalan/internal/utils/FeaturePropertyBase done
Event: 2.119 loading class com/sun/org/apache/xalan/internal/utils/XMLSecurityPropertyManager done
Event: 2.119 loading class com/sun/org/apache/xalan/internal/utils/FeaturePropertyBase$State
Event: 2.119 loading class com/sun/org/apache/xalan/internal/utils/FeaturePropertyBase$State done
Event: 2.119 loading class com/sun/org/apache/xalan/internal/utils/XMLSecurityPropertyManager$Property
Event: 2.119 loading class com/sun/org/apache/xalan/internal/utils/XMLSecurityPropertyManager$Property done
Event: 2.120 loading class jdk/xml/internal/XMLSecurityManager
Event: 2.120 loading class jdk/xml/internal/XMLSecurityManager done
Event: 2.120 loading class jdk/xml/internal/XMLSecurityManager$Limit
Event: 2.120 loading class jdk/xml/internal/XMLSecurityManager$Limit done
Event: 2.120 loading class jdk/xml/internal/XMLSecurityManager$Processor
Event: 2.120 loading class jdk/xml/internal/XMLSecurityManager$Processor done
Event: 2.121 loading class jdk/xml/internal/XMLSecurityManager$NameMap
Event: 2.121 loading class jdk/xml/internal/XMLSecurityManager$NameMap done
Event: 2.122 loading class jdk/xml/internal/JdkProperty
Event: 2.122 loading class jdk/xml/internal/JdkProperty done
Event: 2.161 loading class javax/naming/ldap/LdapContext
Event: 2.161 loading class javax/naming/directory/DirContext
Event: 2.161 loading class javax/naming/directory/DirContext done
Event: 2.161 loading class javax/naming/ldap/LdapContext done


Dynamic libraries:
0x00007ff76cf30000 - 0x00007ff76cf40000 	C:\Program Files\Java\jdk-17.0.3.1\bin\java.exe
0x00007ff9dbff0000 - 0x00007ff9dc1e7000 	C:\WINDOWS\SYSTEM32\ntdll.dll
0x00007ff9d1790000 - 0x00007ff9d17a6000 	C:\Program Files (x86)\AVG\Antivirus\aswhook.dll
0x00007ff9da370000 - 0x00007ff9da42d000 	C:\WINDOWS\System32\KERNEL32.DLL
0x00007ff9d8db0000 - 0x00007ff9d907d000 	C:\WINDOWS\System32\KERNELBASE.dll
0x00007ff9d92f0000 - 0x00007ff9d93f0000 	C:\WINDOWS\System32\ucrtbase.dll
0x00007ff9c0120000 - 0x00007ff9c0138000 	C:\Program Files\Java\jdk-17.0.3.1\bin\jli.dll
0x00007ff9c1ec0000 - 0x00007ff9c1eda000 	C:\Program Files\Java\jdk-17.0.3.1\bin\VCRUNTIME140.dll
0x00007ff9db570000 - 0x00007ff9db61e000 	C:\WINDOWS\System32\ADVAPI32.dll
0x00007ff9da840000 - 0x00007ff9da8de000 	C:\WINDOWS\System32\msvcrt.dll
0x00007ff9da430000 - 0x00007ff9da4cc000 	C:\WINDOWS\System32\sechost.dll
0x00007ff9dac40000 - 0x00007ff9dad65000 	C:\WINDOWS\System32\RPCRT4.dll
0x00007ff9da500000 - 0x00007ff9da6a0000 	C:\WINDOWS\System32\USER32.dll
0x00007ff9d9630000 - 0x00007ff9d9652000 	C:\WINDOWS\System32\win32u.dll
0x00007ff9d1ee0000 - 0x00007ff9d217a000 	C:\WINDOWS\WinSxS\amd64_microsoft.windows.common-controls_6595b64144ccf1df_6.0.19041.1110_none_60b5254171f9507e\COMCTL32.dll
0x00007ff9da810000 - 0x00007ff9da83a000 	C:\WINDOWS\System32\GDI32.dll
0x00007ff9d9080000 - 0x00007ff9d918b000 	C:\WINDOWS\System32\gdi32full.dll
0x00007ff9d9420000 - 0x00007ff9d94bd000 	C:\WINDOWS\System32\msvcp_win.dll
0x00007ff9d18e0000 - 0x00007ff9d18ea000 	C:\WINDOWS\SYSTEM32\VERSION.dll
0x00007ff9da4d0000 - 0x00007ff9da500000 	C:\WINDOWS\System32\IMM32.DLL
0x00007ff9c7480000 - 0x00007ff9c748c000 	C:\Program Files\Java\jdk-17.0.3.1\bin\vcruntime140_1.dll
0x00007ff9a7490000 - 0x00007ff9a751d000 	C:\Program Files\Java\jdk-17.0.3.1\bin\msvcp140.dll
0x00007ff9822e0000 - 0x00007ff982ea0000 	C:\Program Files\Java\jdk-17.0.3.1\bin\server\jvm.dll
0x00007ff9dba50000 - 0x00007ff9dba58000 	C:\WINDOWS\System32\PSAPI.DLL
0x00007ff9c7cf0000 - 0x00007ff9c7cf9000 	C:\WINDOWS\SYSTEM32\WSOCK32.dll
0x00007ff9db620000 - 0x00007ff9db68b000 	C:\WINDOWS\System32\WS2_32.dll
0x00007ff9cfa60000 - 0x00007ff9cfa87000 	C:\WINDOWS\SYSTEM32\WINMM.dll
0x00007ff9d6bf0000 - 0x00007ff9d6c02000 	C:\WINDOWS\SYSTEM32\kernel.appcore.dll
0x00007ff9c7180000 - 0x00007ff9c718a000 	C:\Program Files\Java\jdk-17.0.3.1\bin\jimage.dll
0x00007ff9ce200000 - 0x00007ff9ce3e4000 	C:\WINDOWS\SYSTEM32\DBGHELP.DLL
0x00007ff9ce1d0000 - 0x00007ff9ce1fc000 	C:\WINDOWS\SYSTEM32\dbgcore.DLL
0x00007ff9d8d20000 - 0x00007ff9d8da2000 	C:\WINDOWS\System32\bcryptPrimitives.dll
0x00007ff9c6e80000 - 0x00007ff9c6e8e000 	C:\Program Files\Java\jdk-17.0.3.1\bin\instrument.dll
0x00007ff9ba930000 - 0x00007ff9ba955000 	C:\Program Files\Java\jdk-17.0.3.1\bin\java.dll
0x00007ff9a5df0000 - 0x00007ff9a5ec6000 	C:\Program Files\Java\jdk-17.0.3.1\bin\jsvml.dll
0x00007ff9d97b0000 - 0x00007ff9d9ef4000 	C:\WINDOWS\System32\SHELL32.dll
0x00007ff9d6df0000 - 0x00007ff9d7584000 	C:\WINDOWS\SYSTEM32\windows.storage.dll
0x00007ff9db690000 - 0x00007ff9db9e4000 	C:\WINDOWS\System32\combase.dll
0x00007ff9d86a0000 - 0x00007ff9d86cc000 	C:\WINDOWS\SYSTEM32\Wldp.dll
0x00007ff9d9700000 - 0x00007ff9d97ad000 	C:\WINDOWS\System32\SHCORE.dll
0x00007ff9daa90000 - 0x00007ff9daae5000 	C:\WINDOWS\System32\shlwapi.dll
0x00007ff9d8c60000 - 0x00007ff9d8c7f000 	C:\WINDOWS\SYSTEM32\profapi.dll
0x00007ff9b9690000 - 0x00007ff9b96a8000 	C:\Program Files\Java\jdk-17.0.3.1\bin\zip.dll
0x00007ff9be0a0000 - 0x00007ff9be0b9000 	C:\Program Files\Java\jdk-17.0.3.1\bin\net.dll
0x00007ff9c8750000 - 0x00007ff9c885a000 	C:\WINDOWS\SYSTEM32\WINHTTP.dll
0x00007ff9d8410000 - 0x00007ff9d847a000 	C:\WINDOWS\system32\mswsock.dll
0x00007ff9bd1b0000 - 0x00007ff9bd1c6000 	C:\Program Files\Java\jdk-17.0.3.1\bin\nio.dll
0x00007ff9bd4e0000 - 0x00007ff9bd4fa000 	C:\Users\Claudia Layrisse\AppData\Local\JetBrains\Toolbox\apps\IDEA-C\ch-0\221.5591.52\bin\breakgen64.dll
0x00007ff9c6ec0000 - 0x00007ff9c6ed0000 	C:\Program Files\Java\jdk-17.0.3.1\bin\verify.dll
0x00007ff9c6e70000 - 0x00007ff9c6e79000 	C:\Program Files\Java\jdk-17.0.3.1\bin\management.dll
0x00007ff9c4120000 - 0x00007ff9c412b000 	C:\Program Files\Java\jdk-17.0.3.1\bin\management_ext.dll
0x00007ff9c40d0000 - 0x00007ff9c40e7000 	C:\WINDOWS\system32\napinsp.dll
0x00007ff9c1e00000 - 0x00007ff9c1e1b000 	C:\WINDOWS\system32\pnrpnsp.dll
0x00007ff9d3b60000 - 0x00007ff9d3b75000 	C:\WINDOWS\system32\wshbth.dll
0x00007ff9d4730000 - 0x00007ff9d474d000 	C:\WINDOWS\system32\NLAapi.dll
0x00007ff9d80d0000 - 0x00007ff9d810b000 	C:\WINDOWS\SYSTEM32\IPHLPAPI.DLL
0x00007ff9d8110000 - 0x00007ff9d81db000 	C:\WINDOWS\SYSTEM32\DNSAPI.dll
0x00007ff9dbb30000 - 0x00007ff9dbb38000 	C:\WINDOWS\System32\NSI.dll
0x00007ff9c1de0000 - 0x00007ff9c1df2000 	C:\WINDOWS\System32\winrnr.dll
0x00007ff9c8420000 - 0x00007ff9c842a000 	C:\Windows\System32\rasadhlp.dll
0x00007ff9cdf90000 - 0x00007ff9ce010000 	C:\WINDOWS\System32\fwpuclnt.dll
0x00007ff9d9660000 - 0x00007ff9d9687000 	C:\WINDOWS\System32\bcrypt.dll

dbghelp: loaded successfully - version: 4.0.5 - missing functions: none
symbol engine: initialized successfully - sym options: 0x614 - pdb path: .;C:\Program Files\Java\jdk-17.0.3.1\bin;C:\WINDOWS\SYSTEM32;C:\Program Files (x86)\AVG\Antivirus;C:\WINDOWS\WinSxS\amd64_microsoft.windows.common-controls_6595b64144ccf1df_6.0.19041.1110_none_60b5254171f9507e;C:\Program Files\Java\jdk-17.0.3.1\bin\server;C:\Users\Claudia Layrisse\AppData\Local\JetBrains\Toolbox\apps\IDEA-C\ch-0\221.5591.52\bin

VM Arguments:
jvm_args: -javaagent:C:\Users\Claudia Layrisse\AppData\Local\JetBrains\Toolbox\apps\IDEA-C\ch-0\221.5591.52\lib\idea_rt.jar=53756:C:\Users\Claudia Layrisse\AppData\Local\JetBrains\Toolbox\apps\IDEA-C\ch-0\221.5591.52\bin -Dfile.encoding=UTF-8 
java_command: com.pokemonapp.PokemonAppApplication
java_class_path (initial): C:\Users\Claudia Layrisse\Desktop\ironhack\java\java-pokemon-api\pokemon-app\target\classes;C:\Users\Claudia Layrisse\.m2\repository\org\springframework\boot\spring-boot-starter-data-jpa\2.7.1\spring-boot-starter-data-jpa-2.7.1.jar;C:\Users\Claudia Layrisse\.m2\repository\org\springframework\boot\spring-boot-starter-aop\2.7.1\spring-boot-starter-aop-2.7.1.jar;C:\Users\Claudia Layrisse\.m2\repository\org\springframework\spring-aop\5.3.21\spring-aop-5.3.21.jar;C:\Users\Claudia Layrisse\.m2\repository\org\aspectj\aspectjweaver\1.9.7\aspectjweaver-1.9.7.jar;C:\Users\Claudia Layrisse\.m2\repository\org\springframework\boot\spring-boot-starter-jdbc\2.7.1\spring-boot-starter-jdbc-2.7.1.jar;C:\Users\Claudia Layrisse\.m2\repository\com\zaxxer\HikariCP\4.0.3\HikariCP-4.0.3.jar;C:\Users\Claudia Layrisse\.m2\repository\org\springframework\spring-jdbc\5.3.21\spring-jdbc-5.3.21.jar;C:\Users\Claudia Layrisse\.m2\repository\jakarta\transaction\jakarta.transaction-api\1.3.3\jakarta.transaction-api-1.3.3.jar;C:\Users\Claudia Layrisse\.m2\repository\jakarta\persistence\jakarta.persistence-api\2.2.3\jakarta.persistence-api-2.2.3.jar;C:\Users\Claudia Layrisse\.m2\repository\org\hibernate\hibernate-core\5.6.9.Final\hibernate-core-5.6.9.Final.jar;C:\Users\Claudia Layrisse\.m2\repository\org\jboss\logging\jboss-logging\3.4.3.Final\jboss-logging-3.4.3.Final.jar;C:\Users\Claudia Layrisse\.m2\repository\net\bytebuddy\byte-buddy\1.12.11\byte-buddy-1.12.11.jar;C:\Users\Claudia Layrisse\.m2\repository\antlr\antlr\2.7.7\antlr-2.7.7.jar;C:\Users\Claudia Layrisse\.m2\repository\org\jboss\jandex\2.4.2.Final\jandex-2.4.2.Final.jar;C:\Users\Claudia Layrisse\.m2\repository\com\fasterxml\classmate\1.5.1\classmate-1.5.1.jar;C:\Users\Claudia Layrisse\.m2\repository\org\hibernate\common\hibernate-commons-annotations\5.1.2.Final\hibernate-commons-annotations-5.1.2.Final.jar;C:\Users\Claudia Layrisse\.m2\repository\org\glassfish\jaxb\jaxb-runtime\2.3.6\jaxb-runtime-2.3.6.jar;C:\U
Launcher Type: SUN_STANDARD

[Global flags]
     intx CICompilerCount                          = 4                                         {product} {ergonomic}
     uint ConcGCThreads                            = 2                                         {product} {ergonomic}
     uint G1ConcRefinementThreads                  = 8                                         {product} {ergonomic}
   size_t G1HeapRegionSize                         = 2097152                                   {product} {ergonomic}
    uintx GCDrainStackTargetSize                   = 64                                        {product} {ergonomic}
   size_t InitialHeapSize                          = 201326592                                 {product} {ergonomic}
   size_t MarkStackSize                            = 4194304                                   {product} {ergonomic}
   size_t MaxHeapSize                              = 3210739712                                {product} {ergonomic}
   size_t MaxNewSize                               = 1925185536                                {product} {ergonomic}
   size_t MinHeapDeltaBytes                        = 2097152                                   {product} {ergonomic}
   size_t MinHeapSize                              = 8388608                                   {product} {ergonomic}
    uintx NonNMethodCodeHeapSize                   = 5839372                                {pd product} {ergonomic}
    uintx NonProfiledCodeHeapSize                  = 122909434                              {pd product} {ergonomic}
    uintx ProfiledCodeHeapSize                     = 122909434                              {pd product} {ergonomic}
    uintx ReservedCodeCacheSize                    = 251658240                              {pd product} {ergonomic}
     bool SegmentedCodeCache                       = true                                      {product} {ergonomic}
   size_t SoftMaxHeapSize                          = 3210739712                             {manageable} {ergonomic}
     bool UseCompressedClassPointers               = true                           {product lp64_product} {ergonomic}
     bool UseCompressedOops                        = true                           {product lp64_product} {ergonomic}
     bool UseG1GC                                  = true                                      {product} {ergonomic}
     bool UseLargePagesIndividualAllocation        = false                                  {pd product} {ergonomic}

Logging:
Log output configuration:
 #0: stdout all=warning uptime,level,tags
 #1: stderr all=off uptime,level,tags

Environment Variables:
PATH=C:\Program Files\Common Files\Oracle\Java\javapath;C:\Program Files (x86)\NVIDIA Corporation\PhysX\Common;C:\Program Files (x86)\Intel\iCLS Client\;C:\Program Files\Intel\iCLS Client\;C:\Program Files\Common Files\Microsoft Shared\Windows Live;C:\Program Files (x86)\Common Files\Microsoft Shared\Windows Live;C:\WINDOWS\system32;C:\WINDOWS;C:\WINDOWS\System32\Wbem;C:\WINDOWS\System32\WindowsPowerShell\v1.0\;C:\Program Files (x86)\Windows Live\Shared;C:\Program Files\Intel\Intel(R) Management Engine Components\DAL;C:\Program Files\Intel\Intel(R) Management Engine Components\IPT;C:\Program Files (x86)\Intel\Intel(R) Management Engine Components\DAL;C:\Program Files (x86)\Intel\Intel(R) Management Engine Components\IPT;C:\Program Files (x86)\Autodesk\Backburner\;C:\Program Files\Common Files\Autodesk Shared\;C:\Program Files (x86)\Common Files\Autodesk Shared\;C:\Program Files (x86)\QuickTime\QTSystem\;C:\WINDOWS\System32\OpenSSH\;C:\Program Files\Git\cmd;C:\Program Files\PuTTY\;C:\Program Files\Amazon\AWSCLIV2\;C:\Program Files (x86)\Calibre2\;C:\Program Files\nodejs\;C:\Users\Claudia Layrisse\AppData\Local\Programs\Python\Python39\Scripts\;C:\Users\Claudia Layrisse\AppData\Local\Programs\Python\Python39\;C:\Users\Claudia Layrisse\AppData\Local\Programs\Microsoft VS Code\bin;C:\Users\Claudia Layrisse\AppData\Local\Microsoft\WindowsApps;C:\Program Files\heroku\bin;C:\Users\Claudia Layrisse\AppData\Roaming\npm
USERNAME=Claudia Layrisse
OS=Windows_NT
PROCESSOR_IDENTIFIER=Intel64 Family 6 Model 58 Stepping 9, GenuineIntel



---------------  S Y S T E M  ---------------

OS:
 Windows 10 , 64 bit Build 19041 (10.0.19041.1741)
OS uptime: 3 days 7:56 hours
Hyper-V role detected

CPU: total 8 (initial active 8) (4 cores per cpu, 2 threads per core) family 6 model 58 stepping 9 microcode 0x21, cx8, cmov, fxsr, ht, mmx, sse, sse2, sse3, ssse3, sse4.1, sse4.2, popcnt, tsc, tscinvbit, avx, aes, erms, clmul, vzeroupper, clflush, hv

Memory: 4k page, system-wide physical 12247M (3030M free)
TotalPageFile size 13147M (AvailPageFile size 4M)
current process WorkingSet (physical memory assigned to process): 118M, peak: 118M
current process commit charge ("private bytes"): 320M, peak: 320M

vm_info: Java HotSpot(TM) 64-Bit Server VM (17.0.3.1+2-LTS-6) for windows-amd64 JRE (17.0.3.1+2-LTS-6), built on Apr 25 2022 22:04:21 by "mach5one" with MS VC++ 16.8 / 16.9 (VS2019)

END.
