#
# There is insufficient memory for the Java Runtime Environment to continue.
# Native memory allocation (mmap) failed to map 65536 bytes for Failed to commit metaspace.
# Possible reasons:
#   The system is out of physical RAM or swap space
#   The process is running with CompressedOops enabled, and the Java Heap may be blocking the growth of the native heap
# Possible solutions:
#   Reduce memory load on the system
#   Increase physical memory or swap space
#   Check if swap backing store is full
#   Decrease Java heap size (-Xmx/-Xms)
#   Decrease number of Java threads
#   Decrease Java thread stack sizes (-Xss)
#   Set larger code cache with -XX:ReservedCodeCacheSize=
#   JVM is running with Zero Based Compressed Oops mode in which the Java heap is
#     placed in the first 32GB address space. The Java Heap base address is the
#     maximum limit for the native heap growth. Please use -XX:HeapBaseMinAddress
#     to set the Java Heap base and to place the Java Heap above 32GB virtual address.
# This output file may be truncated or incomplete.
#
#  Out of Memory Error (virtualSpaceNode.cpp:110), pid=1332, tid=15472
#
# JRE version: Java(TM) SE Runtime Environment (17.0.3.1+2) (build 17.0.3.1+2-LTS-6)
# Java VM: Java HotSpot(TM) 64-Bit Server VM (17.0.3.1+2-LTS-6, mixed mode, sharing, tiered, compressed oops, compressed class ptrs, g1 gc, windows-amd64)
# No core dump will be written. Minidumps are not enabled by default on client versions of Windows
#

---------------  S U M M A R Y ------------

Command Line: -javaagent:C:\Users\Claudia Layrisse\AppData\Local\JetBrains\Toolbox\apps\IDEA-C\ch-0\221.5591.52\lib\idea_rt.jar=53706:C:\Users\Claudia Layrisse\AppData\Local\JetBrains\Toolbox\apps\IDEA-C\ch-0\221.5591.52\bin -Dfile.encoding=UTF-8 com.pokemonapp.PokemonAppApplication

Host: Intel(R) Core(TM) i7-3610QM CPU @ 2.30GHz, 8 cores, 11G,  Windows 10 , 64 bit Build 19041 (10.0.19041.1741)
Time: Mon Jun 27 18:44:27 2022 Romance Daylight Time elapsed time: 0.730126 seconds (0d 0h 0m 0s)

---------------  T H R E A D  ---------------

Current thread (0x0000014a6ca02960):  JavaThread "main" [_thread_in_vm, id=15472, stack(0x0000001e03e00000,0x0000001e03f00000)]

Stack: [0x0000001e03e00000,0x0000001e03f00000]
Native frames: (J=compiled Java code, j=interpreted, Vv=VM code, C=native code)
V  [jvm.dll+0x6711ba]
V  [jvm.dll+0x7d0834]
V  [jvm.dll+0x7d1fde]
V  [jvm.dll+0x7d2643]
V  [jvm.dll+0x242c85]
V  [jvm.dll+0x7cc7db]
V  [jvm.dll+0x616f96]
V  [jvm.dll+0x616ffa]
V  [jvm.dll+0x61980a]
V  [jvm.dll+0x617936]
V  [jvm.dll+0x238660]
V  [jvm.dll+0x1e893d]
V  [jvm.dll+0x1de381]
V  [jvm.dll+0x537ee0]
V  [jvm.dll+0x1eeb67]
V  [jvm.dll+0x74a8ab]
V  [jvm.dll+0x74bc52]
V  [jvm.dll+0x74bf88]
V  [jvm.dll+0x410338]
C  [java.dll+0x13e9]

Java frames: (J=compiled Java code, j=interpreted, Vv=VM code)
j  java.lang.Class.forName0(Ljava/lang/String;ZLjava/lang/ClassLoader;Ljava/lang/Class;)Ljava/lang/Class;+0 java.base@17.0.3.1
j  java.lang.Class.forName(Ljava/lang/String;ZLjava/lang/ClassLoader;)Ljava/lang/Class;+43 java.base@17.0.3.1
j  sun.security.provider.PolicyFile.getInstance(Ljava/lang/String;Ljava/lang/String;Ljava/lang/String;)Ljava/security/Permission;+3 java.base@17.0.3.1
j  sun.security.provider.PolicyFile.addGrantEntry(Lsun/security/provider/PolicyParser$GrantEntry;Ljava/security/KeyStore;Lsun/security/provider/PolicyFile$PolicyInfo;)V+388 java.base@17.0.3.1
j  sun.security.provider.PolicyFile.initDefaultPolicy(Lsun/security/provider/PolicyFile$PolicyInfo;)V+118 java.base@17.0.3.1
j  sun.security.provider.PolicyFile$2.run()Ljava/lang/Void;+8 java.base@17.0.3.1
j  sun.security.provider.PolicyFile$2.run()Ljava/lang/Object;+1 java.base@17.0.3.1
j  java.security.AccessController.executePrivileged(Ljava/security/PrivilegedAction;Ljava/security/AccessControlContext;Ljava/lang/Class;)Ljava/lang/Object;+29 java.base@17.0.3.1
j  java.security.AccessController.doPrivileged(Ljava/security/PrivilegedAction;)Ljava/lang/Object;+5 java.base@17.0.3.1
j  sun.security.provider.PolicyFile.initPolicyFile(Lsun/security/provider/PolicyFile$PolicyInfo;Ljava/net/URL;)V+9 java.base@17.0.3.1
j  sun.security.provider.PolicyFile.init(Ljava/net/URL;)V+50 java.base@17.0.3.1
j  sun.security.provider.PolicyFile.<init>()V+24 java.base@17.0.3.1
j  java.security.Policy.loadPolicyProvider()Ljava/security/Policy;+38 java.base@17.0.3.1
j  java.security.Policy.getPolicyNoCheck()Ljava/security/Policy;+34 java.base@17.0.3.1
j  java.security.ProtectionDomain.implies(Ljava/security/Permission;)Z+16 java.base@17.0.3.1
j  java.security.ProtectionDomain.impliesWithAltFilePerm(Ljava/security/Permission;)Z+23 java.base@17.0.3.1
j  java.security.AccessControlContext.checkPermission(Ljava/security/Permission;)V+323 java.base@17.0.3.1
j  java.security.AccessController.checkPermission(Ljava/security/Permission;)V+161 java.base@17.0.3.1
j  ch.qos.logback.core.util.Loader$1.run()Ljava/lang/Boolean;+9
j  ch.qos.logback.core.util.Loader$1.run()Ljava/lang/Object;+1
j  java.security.AccessController.executePrivileged(Ljava/security/PrivilegedAction;Ljava/security/AccessControlContext;Ljava/lang/Class;)Ljava/lang/Object;+29 java.base@17.0.3.1
j  java.security.AccessController.doPrivileged(Ljava/security/PrivilegedAction;)Ljava/lang/Object;+5 java.base@17.0.3.1
j  ch.qos.logback.core.util.Loader.<clinit>()V+34
v  ~StubRoutines::call_stub
j  ch.qos.logback.classic.util.ContextInitializer.findURLOfDefaultConfigurationFile(Z)Ljava/net/URL;+1
j  ch.qos.logback.classic.util.ContextInitializer.autoConfig()V+9
j  org.slf4j.impl.StaticLoggerBinder.init()V+11
j  org.slf4j.impl.StaticLoggerBinder.<clinit>()V+28
v  ~StubRoutines::call_stub
j  org.slf4j.LoggerFactory.bind()V+16
j  org.slf4j.LoggerFactory.performInitialization()V+0
j  org.slf4j.LoggerFactory.getILoggerFactory()Lorg/slf4j/ILoggerFactory;+21
j  org.slf4j.LoggerFactory.getLogger(Ljava/lang/String;)Lorg/slf4j/Logger;+0
j  org.apache.commons.logging.LogAdapter$Slf4jAdapter.createLocationAwareLog(Ljava/lang/String;)Lorg/apache/commons/logging/Log;+1
j  org.apache.commons.logging.LogAdapter.createLog(Ljava/lang/String;)Lorg/apache/commons/logging/Log;+42
j  org.apache.commons.logging.LogFactory.getLog(Ljava/lang/String;)Lorg/apache/commons/logging/Log;+1
j  org.apache.commons.logging.LogFactory.getLog(Ljava/lang/Class;)Lorg/apache/commons/logging/Log;+4
j  org.springframework.boot.SpringApplication.<clinit>()V+2
v  ~StubRoutines::call_stub
j  com.pokemonapp.PokemonAppApplication.main([Ljava/lang/String;)V+3
v  ~StubRoutines::call_stub

---------------  P R O C E S S  ---------------

Threads class SMR info:
_java_thread_list=0x0000014a7ed910f0, length=13, elements={
0x0000014a6ca02960, 0x0000014a7e177d20, 0x0000014a7e178b90, 0x0000014a7e18a250,
0x0000014a7e18dd20, 0x0000014a7e1906f0, 0x0000014a7e1932a0, 0x0000014a7e195970,
0x0000014a7e1a1920, 0x0000014a7e1a5240, 0x0000014a7e191f60, 0x0000014a7e192900,
0x0000014a7e192430
}

Java Threads: ( => current thread )
=>0x0000014a6ca02960 JavaThread "main" [_thread_in_vm, id=15472, stack(0x0000001e03e00000,0x0000001e03f00000)]
  0x0000014a7e177d20 JavaThread "Reference Handler" daemon [_thread_blocked, id=18972, stack(0x0000001e04500000,0x0000001e04600000)]
  0x0000014a7e178b90 JavaThread "Finalizer" daemon [_thread_blocked, id=13948, stack(0x0000001e04600000,0x0000001e04700000)]
  0x0000014a7e18a250 JavaThread "Signal Dispatcher" daemon [_thread_blocked, id=8460, stack(0x0000001e04700000,0x0000001e04800000)]
  0x0000014a7e18dd20 JavaThread "Attach Listener" daemon [_thread_in_vm, id=19132, stack(0x0000001e04800000,0x0000001e04900000)]
  0x0000014a7e1906f0 JavaThread "Service Thread" daemon [_thread_blocked, id=12572, stack(0x0000001e04900000,0x0000001e04a00000)]
  0x0000014a7e1932a0 JavaThread "Monitor Deflation Thread" daemon [_thread_blocked, id=6048, stack(0x0000001e04a00000,0x0000001e04b00000)]
  0x0000014a7e195970 JavaThread "C2 CompilerThread0" daemon [_thread_blocked, id=12972, stack(0x0000001e04b00000,0x0000001e04c00000)]
  0x0000014a7e1a1920 JavaThread "C1 CompilerThread0" daemon [_thread_in_vm, id=15800, stack(0x0000001e04c00000,0x0000001e04d00000)]
  0x0000014a7e1a5240 JavaThread "Sweeper thread" daemon [_thread_blocked, id=9596, stack(0x0000001e04d00000,0x0000001e04e00000)]
  0x0000014a7e191f60 JavaThread "Common-Cleaner" daemon [_thread_blocked, id=16836, stack(0x0000001e04e00000,0x0000001e04f00000)]
  0x0000014a7e192900 JavaThread "Monitor Ctrl-Break" daemon [_thread_in_native, id=16204, stack(0x0000001e05000000,0x0000001e05100000)]
  0x0000014a7e192430 JavaThread "Notification Thread" daemon [_thread_blocked, id=15796, stack(0x0000001e05100000,0x0000001e05200000)]

Other Threads:
  0x0000014a7e1720f0 VMThread "VM Thread" [stack: 0x0000001e04400000,0x0000001e04500000] [id=16748]
  0x0000014a6ca595f0 GCTaskThread "GC Thread#0" [stack: 0x0000001e03f00000,0x0000001e04000000] [id=11476]
  0x0000014a6ca684a0 ConcurrentGCThread "G1 Main Marker" [stack: 0x0000001e04000000,0x0000001e04100000] [id=11480]
  0x0000014a6ca69f90 ConcurrentGCThread "G1 Conc#0" [stack: 0x0000001e04100000,0x0000001e04200000] [id=11304]
  0x0000014a7e0414c0 ConcurrentGCThread "G1 Refine#0" [stack: 0x0000001e04200000,0x0000001e04300000] [id=18320]
  0x0000014a7e041ee0 ConcurrentGCThread "G1 Service" [stack: 0x0000001e04300000,0x0000001e04400000] [id=15992]

Threads with active compile tasks:
C1 CompilerThread0     1462  427       3       sun.security.provider.PolicyParser::match (778 bytes)

VM state: synchronizing (normal execution)

VM Mutex/Monitor currently owned by a thread:  ([mutex/lock_event])
[0x0000014a6c9fb950] Metaspace_lock - owner thread: 0x0000014a6ca02960
[0x0000014a6c9fe310] Threads_lock - owner thread: 0x0000014a7e1720f0
[0x0000014a6c9fe820] MethodData_lock - owner thread: 0x0000014a7e1a1920

Heap address: 0x0000000740a00000, size: 3062 MB, Compressed Oops mode: Zero based, Oop shift amount: 3

CDS archive(s) mapped at: [0x0000000800000000-0x0000000800bc0000-0x0000000800bc0000), size 12320768, SharedBaseAddress: 0x0000000800000000, ArchiveRelocationMode: 0.
Compressed class space mapped at: 0x0000000800c00000-0x0000000840c00000, reserved size: 1073741824
Narrow klass base: 0x0000000800000000, Narrow klass shift: 0, Narrow klass range: 0x100000000

GC Precious Log:
 CPUs: 8 total, 8 available
 Memory: 12247M
 Large Page Support: Disabled
 NUMA Support: Disabled
 Compressed Oops: Enabled (Zero based)
 Heap Region Size: 2M
 Heap Min Capacity: 8M
 Heap Initial Capacity: 192M
 Heap Max Capacity: 3062M
 Pre-touch: Disabled
 Parallel Workers: 8
 Concurrent Workers: 2
 Concurrent Refinement Workers: 8
 Periodic GC: Disabled

Heap:
 garbage-first heap   total 196608K, used 8192K [0x0000000740a00000, 0x0000000800000000)
  region size 2048K, 5 young (10240K), 0 survivors (0K)
 Metaspace       used 1656K, committed 1728K, reserved 1056768K
  class space    used 138K, committed 192K, reserved 1048576K

Heap Regions: E=young(eden), S=young(survivor), O=old, HS=humongous(starts), HC=humongous(continues), CS=collection set, F=free, OA=open archive, CA=closed archive, TAMS=top-at-mark-start (previous, next)
|   0|0x0000000740a00000, 0x0000000740a00000, 0x0000000740c00000|  0%| F|  |TAMS 0x0000000740a00000, 0x0000000740a00000| Untracked 
|   1|0x0000000740c00000, 0x0000000740c00000, 0x0000000740e00000|  0%| F|  |TAMS 0x0000000740c00000, 0x0000000740c00000| Untracked 
|   2|0x0000000740e00000, 0x0000000740e00000, 0x0000000741000000|  0%| F|  |TAMS 0x0000000740e00000, 0x0000000740e00000| Untracked 
|   3|0x0000000741000000, 0x0000000741000000, 0x0000000741200000|  0%| F|  |TAMS 0x0000000741000000, 0x0000000741000000| Untracked 
|   4|0x0000000741200000, 0x0000000741200000, 0x0000000741400000|  0%| F|  |TAMS 0x0000000741200000, 0x0000000741200000| Untracked 
|   5|0x0000000741400000, 0x0000000741400000, 0x0000000741600000|  0%| F|  |TAMS 0x0000000741400000, 0x0000000741400000| Untracked 
|   6|0x0000000741600000, 0x0000000741600000, 0x0000000741800000|  0%| F|  |TAMS 0x0000000741600000, 0x0000000741600000| Untracked 
|   7|0x0000000741800000, 0x0000000741800000, 0x0000000741a00000|  0%| F|  |TAMS 0x0000000741800000, 0x0000000741800000| Untracked 
|   8|0x0000000741a00000, 0x0000000741a00000, 0x0000000741c00000|  0%| F|  |TAMS 0x0000000741a00000, 0x0000000741a00000| Untracked 
|   9|0x0000000741c00000, 0x0000000741c00000, 0x0000000741e00000|  0%| F|  |TAMS 0x0000000741c00000, 0x0000000741c00000| Untracked 
|  10|0x0000000741e00000, 0x0000000741e00000, 0x0000000742000000|  0%| F|  |TAMS 0x0000000741e00000, 0x0000000741e00000| Untracked 
|  11|0x0000000742000000, 0x0000000742000000, 0x0000000742200000|  0%| F|  |TAMS 0x0000000742000000, 0x0000000742000000| Untracked 
|  12|0x0000000742200000, 0x0000000742200000, 0x0000000742400000|  0%| F|  |TAMS 0x0000000742200000, 0x0000000742200000| Untracked 
|  13|0x0000000742400000, 0x0000000742400000, 0x0000000742600000|  0%| F|  |TAMS 0x0000000742400000, 0x0000000742400000| Untracked 
|  14|0x0000000742600000, 0x0000000742600000, 0x0000000742800000|  0%| F|  |TAMS 0x0000000742600000, 0x0000000742600000| Untracked 
|  15|0x0000000742800000, 0x0000000742800000, 0x0000000742a00000|  0%| F|  |TAMS 0x0000000742800000, 0x0000000742800000| Untracked 
|  16|0x0000000742a00000, 0x0000000742a00000, 0x0000000742c00000|  0%| F|  |TAMS 0x0000000742a00000, 0x0000000742a00000| Untracked 
|  17|0x0000000742c00000, 0x0000000742c00000, 0x0000000742e00000|  0%| F|  |TAMS 0x0000000742c00000, 0x0000000742c00000| Untracked 
|  18|0x0000000742e00000, 0x0000000742e00000, 0x0000000743000000|  0%| F|  |TAMS 0x0000000742e00000, 0x0000000742e00000| Untracked 
|  19|0x0000000743000000, 0x0000000743000000, 0x0000000743200000|  0%| F|  |TAMS 0x0000000743000000, 0x0000000743000000| Untracked 
|  20|0x0000000743200000, 0x0000000743200000, 0x0000000743400000|  0%| F|  |TAMS 0x0000000743200000, 0x0000000743200000| Untracked 
|  21|0x0000000743400000, 0x0000000743400000, 0x0000000743600000|  0%| F|  |TAMS 0x0000000743400000, 0x0000000743400000| Untracked 
|  22|0x0000000743600000, 0x0000000743600000, 0x0000000743800000|  0%| F|  |TAMS 0x0000000743600000, 0x0000000743600000| Untracked 
|  23|0x0000000743800000, 0x0000000743800000, 0x0000000743a00000|  0%| F|  |TAMS 0x0000000743800000, 0x0000000743800000| Untracked 
|  24|0x0000000743a00000, 0x0000000743a00000, 0x0000000743c00000|  0%| F|  |TAMS 0x0000000743a00000, 0x0000000743a00000| Untracked 
|  25|0x0000000743c00000, 0x0000000743c00000, 0x0000000743e00000|  0%| F|  |TAMS 0x0000000743c00000, 0x0000000743c00000| Untracked 
|  26|0x0000000743e00000, 0x0000000743e00000, 0x0000000744000000|  0%| F|  |TAMS 0x0000000743e00000, 0x0000000743e00000| Untracked 
|  27|0x0000000744000000, 0x0000000744000000, 0x0000000744200000|  0%| F|  |TAMS 0x0000000744000000, 0x0000000744000000| Untracked 
|  28|0x0000000744200000, 0x0000000744200000, 0x0000000744400000|  0%| F|  |TAMS 0x0000000744200000, 0x0000000744200000| Untracked 
|  29|0x0000000744400000, 0x0000000744400000, 0x0000000744600000|  0%| F|  |TAMS 0x0000000744400000, 0x0000000744400000| Untracked 
|  30|0x0000000744600000, 0x0000000744600000, 0x0000000744800000|  0%| F|  |TAMS 0x0000000744600000, 0x0000000744600000| Untracked 
|  31|0x0000000744800000, 0x0000000744800000, 0x0000000744a00000|  0%| F|  |TAMS 0x0000000744800000, 0x0000000744800000| Untracked 
|  32|0x0000000744a00000, 0x0000000744a00000, 0x0000000744c00000|  0%| F|  |TAMS 0x0000000744a00000, 0x0000000744a00000| Untracked 
|  33|0x0000000744c00000, 0x0000000744c00000, 0x0000000744e00000|  0%| F|  |TAMS 0x0000000744c00000, 0x0000000744c00000| Untracked 
|  34|0x0000000744e00000, 0x0000000744e00000, 0x0000000745000000|  0%| F|  |TAMS 0x0000000744e00000, 0x0000000744e00000| Untracked 
|  35|0x0000000745000000, 0x0000000745000000, 0x0000000745200000|  0%| F|  |TAMS 0x0000000745000000, 0x0000000745000000| Untracked 
|  36|0x0000000745200000, 0x0000000745200000, 0x0000000745400000|  0%| F|  |TAMS 0x0000000745200000, 0x0000000745200000| Untracked 
|  37|0x0000000745400000, 0x0000000745400000, 0x0000000745600000|  0%| F|  |TAMS 0x0000000745400000, 0x0000000745400000| Untracked 
|  38|0x0000000745600000, 0x0000000745600000, 0x0000000745800000|  0%| F|  |TAMS 0x0000000745600000, 0x0000000745600000| Untracked 
|  39|0x0000000745800000, 0x0000000745800000, 0x0000000745a00000|  0%| F|  |TAMS 0x0000000745800000, 0x0000000745800000| Untracked 
|  40|0x0000000745a00000, 0x0000000745a00000, 0x0000000745c00000|  0%| F|  |TAMS 0x0000000745a00000, 0x0000000745a00000| Untracked 
|  41|0x0000000745c00000, 0x0000000745c00000, 0x0000000745e00000|  0%| F|  |TAMS 0x0000000745c00000, 0x0000000745c00000| Untracked 
|  42|0x0000000745e00000, 0x0000000745e00000, 0x0000000746000000|  0%| F|  |TAMS 0x0000000745e00000, 0x0000000745e00000| Untracked 
|  43|0x0000000746000000, 0x0000000746000000, 0x0000000746200000|  0%| F|  |TAMS 0x0000000746000000, 0x0000000746000000| Untracked 
|  44|0x0000000746200000, 0x0000000746200000, 0x0000000746400000|  0%| F|  |TAMS 0x0000000746200000, 0x0000000746200000| Untracked 
|  45|0x0000000746400000, 0x0000000746400000, 0x0000000746600000|  0%| F|  |TAMS 0x0000000746400000, 0x0000000746400000| Untracked 
|  46|0x0000000746600000, 0x0000000746600000, 0x0000000746800000|  0%| F|  |TAMS 0x0000000746600000, 0x0000000746600000| Untracked 
|  47|0x0000000746800000, 0x0000000746800000, 0x0000000746a00000|  0%| F|  |TAMS 0x0000000746800000, 0x0000000746800000| Untracked 
|  48|0x0000000746a00000, 0x0000000746a00000, 0x0000000746c00000|  0%| F|  |TAMS 0x0000000746a00000, 0x0000000746a00000| Untracked 
|  49|0x0000000746c00000, 0x0000000746c00000, 0x0000000746e00000|  0%| F|  |TAMS 0x0000000746c00000, 0x0000000746c00000| Untracked 
|  50|0x0000000746e00000, 0x0000000746e00000, 0x0000000747000000|  0%| F|  |TAMS 0x0000000746e00000, 0x0000000746e00000| Untracked 
|  51|0x0000000747000000, 0x0000000747000000, 0x0000000747200000|  0%| F|  |TAMS 0x0000000747000000, 0x0000000747000000| Untracked 
|  52|0x0000000747200000, 0x0000000747200000, 0x0000000747400000|  0%| F|  |TAMS 0x0000000747200000, 0x0000000747200000| Untracked 
|  53|0x0000000747400000, 0x0000000747400000, 0x0000000747600000|  0%| F|  |TAMS 0x0000000747400000, 0x0000000747400000| Untracked 
|  54|0x0000000747600000, 0x0000000747600000, 0x0000000747800000|  0%| F|  |TAMS 0x0000000747600000, 0x0000000747600000| Untracked 
|  55|0x0000000747800000, 0x0000000747800000, 0x0000000747a00000|  0%| F|  |TAMS 0x0000000747800000, 0x0000000747800000| Untracked 
|  56|0x0000000747a00000, 0x0000000747a00000, 0x0000000747c00000|  0%| F|  |TAMS 0x0000000747a00000, 0x0000000747a00000| Untracked 
|  57|0x0000000747c00000, 0x0000000747c00000, 0x0000000747e00000|  0%| F|  |TAMS 0x0000000747c00000, 0x0000000747c00000| Untracked 
|  58|0x0000000747e00000, 0x0000000747e00000, 0x0000000748000000|  0%| F|  |TAMS 0x0000000747e00000, 0x0000000747e00000| Untracked 
|  59|0x0000000748000000, 0x0000000748000000, 0x0000000748200000|  0%| F|  |TAMS 0x0000000748000000, 0x0000000748000000| Untracked 
|  60|0x0000000748200000, 0x0000000748200000, 0x0000000748400000|  0%| F|  |TAMS 0x0000000748200000, 0x0000000748200000| Untracked 
|  61|0x0000000748400000, 0x0000000748400000, 0x0000000748600000|  0%| F|  |TAMS 0x0000000748400000, 0x0000000748400000| Untracked 
|  62|0x0000000748600000, 0x0000000748600000, 0x0000000748800000|  0%| F|  |TAMS 0x0000000748600000, 0x0000000748600000| Untracked 
|  63|0x0000000748800000, 0x0000000748800000, 0x0000000748a00000|  0%| F|  |TAMS 0x0000000748800000, 0x0000000748800000| Untracked 
|  64|0x0000000748a00000, 0x0000000748a00000, 0x0000000748c00000|  0%| F|  |TAMS 0x0000000748a00000, 0x0000000748a00000| Untracked 
|  65|0x0000000748c00000, 0x0000000748c00000, 0x0000000748e00000|  0%| F|  |TAMS 0x0000000748c00000, 0x0000000748c00000| Untracked 
|  66|0x0000000748e00000, 0x0000000748e00000, 0x0000000749000000|  0%| F|  |TAMS 0x0000000748e00000, 0x0000000748e00000| Untracked 
|  67|0x0000000749000000, 0x0000000749000000, 0x0000000749200000|  0%| F|  |TAMS 0x0000000749000000, 0x0000000749000000| Untracked 
|  68|0x0000000749200000, 0x0000000749200000, 0x0000000749400000|  0%| F|  |TAMS 0x0000000749200000, 0x0000000749200000| Untracked 
|  69|0x0000000749400000, 0x0000000749400000, 0x0000000749600000|  0%| F|  |TAMS 0x0000000749400000, 0x0000000749400000| Untracked 
|  70|0x0000000749600000, 0x0000000749600000, 0x0000000749800000|  0%| F|  |TAMS 0x0000000749600000, 0x0000000749600000| Untracked 
|  71|0x0000000749800000, 0x0000000749800000, 0x0000000749a00000|  0%| F|  |TAMS 0x0000000749800000, 0x0000000749800000| Untracked 
|  72|0x0000000749a00000, 0x0000000749a00000, 0x0000000749c00000|  0%| F|  |TAMS 0x0000000749a00000, 0x0000000749a00000| Untracked 
|  73|0x0000000749c00000, 0x0000000749c00000, 0x0000000749e00000|  0%| F|  |TAMS 0x0000000749c00000, 0x0000000749c00000| Untracked 
|  74|0x0000000749e00000, 0x0000000749e00000, 0x000000074a000000|  0%| F|  |TAMS 0x0000000749e00000, 0x0000000749e00000| Untracked 
|  75|0x000000074a000000, 0x000000074a000000, 0x000000074a200000|  0%| F|  |TAMS 0x000000074a000000, 0x000000074a000000| Untracked 
|  76|0x000000074a200000, 0x000000074a200000, 0x000000074a400000|  0%| F|  |TAMS 0x000000074a200000, 0x000000074a200000| Untracked 
|  77|0x000000074a400000, 0x000000074a400000, 0x000000074a600000|  0%| F|  |TAMS 0x000000074a400000, 0x000000074a400000| Untracked 
|  78|0x000000074a600000, 0x000000074a600000, 0x000000074a800000|  0%| F|  |TAMS 0x000000074a600000, 0x000000074a600000| Untracked 
|  79|0x000000074a800000, 0x000000074a800000, 0x000000074aa00000|  0%| F|  |TAMS 0x000000074a800000, 0x000000074a800000| Untracked 
|  80|0x000000074aa00000, 0x000000074aa00000, 0x000000074ac00000|  0%| F|  |TAMS 0x000000074aa00000, 0x000000074aa00000| Untracked 
|  81|0x000000074ac00000, 0x000000074ac00000, 0x000000074ae00000|  0%| F|  |TAMS 0x000000074ac00000, 0x000000074ac00000| Untracked 
|  82|0x000000074ae00000, 0x000000074ae00000, 0x000000074b000000|  0%| F|  |TAMS 0x000000074ae00000, 0x000000074ae00000| Untracked 
|  83|0x000000074b000000, 0x000000074b000000, 0x000000074b200000|  0%| F|  |TAMS 0x000000074b000000, 0x000000074b000000| Untracked 
|  84|0x000000074b200000, 0x000000074b200000, 0x000000074b400000|  0%| F|  |TAMS 0x000000074b200000, 0x000000074b200000| Untracked 
|  85|0x000000074b400000, 0x000000074b400000, 0x000000074b600000|  0%| F|  |TAMS 0x000000074b400000, 0x000000074b400000| Untracked 
|  86|0x000000074b600000, 0x000000074b600000, 0x000000074b800000|  0%| F|  |TAMS 0x000000074b600000, 0x000000074b600000| Untracked 
|  87|0x000000074b800000, 0x000000074b800000, 0x000000074ba00000|  0%| F|  |TAMS 0x000000074b800000, 0x000000074b800000| Untracked 
|  88|0x000000074ba00000, 0x000000074ba00000, 0x000000074bc00000|  0%| F|  |TAMS 0x000000074ba00000, 0x000000074ba00000| Untracked 
|  89|0x000000074bc00000, 0x000000074bc00000, 0x000000074be00000|  0%| F|  |TAMS 0x000000074bc00000, 0x000000074bc00000| Untracked 
|  90|0x000000074be00000, 0x000000074be00000, 0x000000074c000000|  0%| F|  |TAMS 0x000000074be00000, 0x000000074be00000| Untracked 
|  91|0x000000074c000000, 0x000000074c0e45b0, 0x000000074c200000| 44%| E|  |TAMS 0x000000074c000000, 0x000000074c000000| Complete 
|  92|0x000000074c200000, 0x000000074c400000, 0x000000074c400000|100%| E|CS|TAMS 0x000000074c200000, 0x000000074c200000| Complete 
|  93|0x000000074c400000, 0x000000074c600000, 0x000000074c600000|100%| E|CS|TAMS 0x000000074c400000, 0x000000074c400000| Complete 
|  94|0x000000074c600000, 0x000000074c800000, 0x000000074c800000|100%| E|CS|TAMS 0x000000074c600000, 0x000000074c600000| Complete 
|  95|0x000000074c800000, 0x000000074ca00000, 0x000000074ca00000|100%| E|CS|TAMS 0x000000074c800000, 0x000000074c800000| Complete 

Card table byte_map: [0x0000014a74ba0000,0x0000014a751a0000] _byte_map_base: 0x0000014a7119b000

Marking Bits (Prev, Next): (CMBitMap*) 0x0000014a6ca5bc20, (CMBitMap*) 0x0000014a6ca5bc60
 Prev Bits: [0x0000014a757a0000, 0x0000014a78778000)
 Next Bits: [0x0000014a78780000, 0x0000014a7b758000)

Polling page: 0x0000014a6a9c0000

Metaspace:

Usage:
  Non-class:      1.48 MB used.
      Class:    138.72 KB used.
       Both:      1.62 MB used.

Virtual space:
  Non-class space:        8.00 MB reserved,       1.50 MB ( 19%) committed,  1 nodes.
      Class space:        1.00 GB reserved,     192.00 KB ( <1%) committed,  1 nodes.
             Both:        1.01 GB reserved,       1.69 MB ( <1%) committed. 

Chunk freelists:
   Non-Class:  3.56 MB
       Class:  3.69 MB
        Both:  7.25 MB

MaxMetaspaceSize: unlimited
CompressedClassSpaceSize: 1.00 GB
Initial GC threshold: 21.00 MB
Current GC threshold: 21.00 MB
CDS: on
MetaspaceReclaimPolicy: balanced
 - commit_granule_bytes: 65536.
 - commit_granule_words: 8192.
 - virtual_space_node_default_size: 1048576.
 - enlarge_chunks_in_place: 1.
 - new_chunks_are_fully_committed: 0.
 - uncommit_free_chunks: 1.
 - use_allocation_guard: 0.
 - handle_deallocations: 1.


Internal statistics:

num_allocs_failed_limit: 0.
num_arena_births: 10.
num_arena_deaths: 0.
num_vsnodes_births: 2.
num_vsnodes_deaths: 0.
num_space_committed: 27.
num_space_uncommitted: 0.
num_chunks_returned_to_freelist: 0.
num_chunks_taken_from_freelist: 36.
num_chunk_merges: 0.
num_chunk_splits: 21.
num_chunks_enlarged: 18.
num_purges: 0.
num_inconsistent_stats: 0.

CodeHeap 'non-profiled nmethods': size=120000Kb used=137Kb max_used=137Kb free=119862Kb
 bounds [0x0000014a07ad0000, 0x0000014a07d40000, 0x0000014a0f000000]
CodeHeap 'profiled nmethods': size=120000Kb used=622Kb max_used=622Kb free=119377Kb
 bounds [0x0000014a005a0000, 0x0000014a00810000, 0x0000014a07ad0000]
CodeHeap 'non-nmethods': size=5760Kb used=1125Kb max_used=1140Kb free=4634Kb
 bounds [0x0000014a00000000, 0x0000014a00270000, 0x0000014a005a0000]
 total_blobs=836 nmethods=428 adapters=321
 compilation: enabled
              stopped_count=0, restarted_count=0
 full_count=0

Compilation events (20 events):
Event: 0.515 Thread 0x0000014a7e1a1920  416       3       java.lang.String::<init> (14 bytes)
Event: 0.515 Thread 0x0000014a7e1a1920 nmethod 416 0x0000014a00630290 code [0x0000014a00630440, 0x0000014a00630658]
Event: 0.515 Thread 0x0000014a7e1a1920  417       3       java.lang.String::rangeCheck (9 bytes)
Event: 0.515 Thread 0x0000014a7e1a1920 nmethod 417 0x0000014a00630790 code [0x0000014a00630940, 0x0000014a00630a68]
Event: 0.516 Thread 0x0000014a7e1a1920  418 %     3       java.util.Properties$LineReader::readLine @ 53 (584 bytes)
Event: 0.518 Thread 0x0000014a7e1a1920 nmethod 418% 0x0000014a00630b10 code [0x0000014a00630f00, 0x0000014a00633f38]
Event: 0.521 Thread 0x0000014a7e1a1920  419       3       java.io.BufferedReader::ensureOpen (18 bytes)
Event: 0.521 Thread 0x0000014a7e1a1920 nmethod 419 0x0000014a00634d90 code [0x0000014a00634f40, 0x0000014a00635168]
Event: 0.521 Thread 0x0000014a7e1a1920  422       3       java.lang.StringUTF16::compress (20 bytes)
Event: 0.521 Thread 0x0000014a7e1a1920 nmethod 422 0x0000014a00635290 code [0x0000014a00635440, 0x0000014a00635688]
Event: 0.521 Thread 0x0000014a7e1a1920  420       3       java.io.StreamTokenizer::read (38 bytes)
Event: 0.522 Thread 0x0000014a7e1a1920 nmethod 420 0x0000014a00635790 code [0x0000014a00635960, 0x0000014a00635d88]
Event: 0.522 Thread 0x0000014a7e1a1920  421   !   3       java.io.BufferedReader::read (104 bytes)
Event: 0.522 Thread 0x0000014a7e195970  424 %     4       java.lang.StringLatin1::indexOf @ 30 (121 bytes)
Event: 0.522 Thread 0x0000014a7e1a1920 nmethod 421 0x0000014a00635f10 code [0x0000014a00636100, 0x0000014a006366f8]
Event: 0.522 Thread 0x0000014a7e1a1920  423       3       java.lang.String::equalsIgnoreCase (45 bytes)
Event: 0.522 Thread 0x0000014a7e1a1920 nmethod 423 0x0000014a00636a90 code [0x0000014a00636c80, 0x0000014a006371e8]
Event: 0.522 Thread 0x0000014a7e1a1920  425       3       java.io.StreamTokenizer::nextToken (1266 bytes)
Event: 0.525 Thread 0x0000014a7e1a1920 nmethod 425 0x0000014a00637410 code [0x0000014a006379c0, 0x0000014a0063a6a8]
Event: 0.526 Thread 0x0000014a7e1a1920  426       3       sun.security.provider.PolicyParser::peek (182 bytes)

GC Heap History (0 events):
No events

Deoptimization events (18 events):
Event: 0.244 Thread 0x0000014a6ca02960 Uncommon trap: trap_request=0xffffff45 fr.pc=0x0000014a07addcb0 relative=0x00000000000008d0
Event: 0.244 Thread 0x0000014a6ca02960 Uncommon trap: reason=unstable_if action=reinterpret pc=0x0000014a07addcb0 method=java.util.HashMap.putVal(ILjava/lang/Object;Ljava/lang/Object;ZZ)Ljava/lang/Object; @ 181 c2
Event: 0.244 Thread 0x0000014a6ca02960 DEOPT PACKING pc=0x0000014a07addcb0 sp=0x0000001e03efebe0
Event: 0.244 Thread 0x0000014a6ca02960 DEOPT UNPACKING pc=0x0000014a000523a3 sp=0x0000001e03efeb90 mode 2
Event: 0.283 Thread 0x0000014a6ca02960 DEOPT PACKING pc=0x0000014a005a7de7 sp=0x0000001e03efe0b0
Event: 0.283 Thread 0x0000014a6ca02960 DEOPT UNPACKING pc=0x0000014a00052b43 sp=0x0000001e03efd4d0 mode 0
Event: 0.439 Thread 0x0000014a6ca02960 Uncommon trap: trap_request=0xffffff45 fr.pc=0x0000014a07ae09dc relative=0x000000000000005c
Event: 0.439 Thread 0x0000014a6ca02960 Uncommon trap: reason=unstable_if action=reinterpret pc=0x0000014a07ae09dc method=java.lang.String.isLatin1()Z @ 10 c2
Event: 0.439 Thread 0x0000014a6ca02960 DEOPT PACKING pc=0x0000014a07ae09dc sp=0x0000001e03efe780
Event: 0.440 Thread 0x0000014a6ca02960 DEOPT UNPACKING pc=0x0000014a000523a3 sp=0x0000001e03efe710 mode 2
Event: 0.440 Thread 0x0000014a6ca02960 Uncommon trap: trap_request=0xffffff45 fr.pc=0x0000014a07ad15f8 relative=0x0000000000000078
Event: 0.440 Thread 0x0000014a6ca02960 Uncommon trap: reason=unstable_if action=reinterpret pc=0x0000014a07ad15f8 method=java.lang.String.isLatin1()Z @ 10 c2
Event: 0.440 Thread 0x0000014a6ca02960 DEOPT PACKING pc=0x0000014a07ad15f8 sp=0x0000001e03eff170
Event: 0.440 Thread 0x0000014a6ca02960 DEOPT UNPACKING pc=0x0000014a000523a3 sp=0x0000001e03eff0b0 mode 2
Event: 0.490 Thread 0x0000014a6ca02960 DEOPT PACKING pc=0x0000014a005ee7fc sp=0x0000001e03efd400
Event: 0.490 Thread 0x0000014a6ca02960 DEOPT UNPACKING pc=0x0000014a00052b43 sp=0x0000001e03efc8b0 mode 0
Event: 0.492 Thread 0x0000014a6ca02960 DEOPT PACKING pc=0x0000014a005dbe56 sp=0x0000001e03ef9d60
Event: 0.492 Thread 0x0000014a6ca02960 DEOPT UNPACKING pc=0x0000014a00052b43 sp=0x0000001e03ef9200 mode 0

Classes unloaded (0 events):
No events

Classes redefined (0 events):
No events

Internal exceptions (2 events):
Event: 0.441 Thread 0x0000014a7e192900 Exception <a 'java/lang/NoSuchMethodError'{0x000000074c2c0360}: 'java.lang.Object java.lang.invoke.DirectMethodHandle$Holder.invokeStaticInit(java.lang.Object)'> (0x000000074c2c0360) 
thrown [t:\workspace\open\src\hotspot\share\interpreter\linkResolver.cpp, line 766]
Event: 0.452 Thread 0x0000014a7e192900 Exception <a 'java/lang/NoSuchMethodError'{0x000000074c2ce088}: 'void java.lang.invoke.DirectMethodHandle$Holder.invokeStatic(java.lang.Object, java.lang.Object)'> (0x000000074c2ce088) 
thrown [t:\workspace\open\src\hotspot\share\interpreter\linkResolver.cpp, line 766]

VM Operations (4 events):
Event: 0.169 Executing VM operation: HandshakeAllThreads
Event: 0.169 Executing VM operation: HandshakeAllThreads done
Event: 0.329 Executing VM operation: HandshakeAllThreads
Event: 0.439 Executing VM operation: HandshakeAllThreads done

Events (20 events):
Event: 0.521 loading class sun/security/provider/PolicyParser$PermissionEntry done
Event: 0.521 loading class sun/security/util/PropertyExpander
Event: 0.521 loading class sun/security/util/PropertyExpander done
Event: 0.524 loading class java/util/Vector$1
Event: 0.524 loading class java/util/Vector$1 done
Event: 0.524 loading class sun/net/www/protocol/jrt/Handler
Event: 0.524 loading class sun/net/www/protocol/jrt/Handler done
Event: 0.524 loading class sun/security/provider/PolicyFile$PolicyEntry
Event: 0.524 loading class sun/security/provider/PolicyFile$PolicyEntry done
Event: 0.525 loading class java/net/SocketPermission
Event: 0.525 loading class java/net/SocketPermission done
Event: 0.525 loading class java/util/PropertyPermission
Event: 0.525 loading class java/util/PropertyPermission done
Event: 0.525 loading class java/net/NetPermission
Event: 0.525 loading class java/net/NetPermission done
Event: 0.525 loading class sun/security/util/SecurityConstants
Event: 0.525 loading class sun/security/util/SecurityConstants done
Event: 0.525 loading class java/security/SecurityPermission
Event: 0.525 loading class java/security/SecurityPermission done
Event: 0.526 loading class java/net/URLPermission


Dynamic libraries:
0x00007ff76cf30000 - 0x00007ff76cf40000 	C:\Program Files\Java\jdk-17.0.3.1\bin\java.exe
0x00007ff9dbff0000 - 0x00007ff9dc1e7000 	C:\WINDOWS\SYSTEM32\ntdll.dll
0x00007ff9d1790000 - 0x00007ff9d17a6000 	C:\Program Files (x86)\AVG\Antivirus\aswhook.dll
0x00007ff9da370000 - 0x00007ff9da42d000 	C:\WINDOWS\System32\KERNEL32.DLL
0x00007ff9d8db0000 - 0x00007ff9d907d000 	C:\WINDOWS\System32\KERNELBASE.dll
0x00007ff9c1ec0000 - 0x00007ff9c1eda000 	C:\Program Files\Java\jdk-17.0.3.1\bin\VCRUNTIME140.dll
0x00007ff9c0120000 - 0x00007ff9c0138000 	C:\Program Files\Java\jdk-17.0.3.1\bin\jli.dll
0x00007ff9db570000 - 0x00007ff9db61e000 	C:\WINDOWS\System32\ADVAPI32.dll
0x00007ff9d92f0000 - 0x00007ff9d93f0000 	C:\WINDOWS\System32\ucrtbase.dll
0x00007ff9da840000 - 0x00007ff9da8de000 	C:\WINDOWS\System32\msvcrt.dll
0x00007ff9da430000 - 0x00007ff9da4cc000 	C:\WINDOWS\System32\sechost.dll
0x00007ff9dac40000 - 0x00007ff9dad65000 	C:\WINDOWS\System32\RPCRT4.dll
0x00007ff9da500000 - 0x00007ff9da6a0000 	C:\WINDOWS\System32\USER32.dll
0x00007ff9d9630000 - 0x00007ff9d9652000 	C:\WINDOWS\System32\win32u.dll
0x00007ff9d1ee0000 - 0x00007ff9d217a000 	C:\WINDOWS\WinSxS\amd64_microsoft.windows.common-controls_6595b64144ccf1df_6.0.19041.1110_none_60b5254171f9507e\COMCTL32.dll
0x00007ff9da810000 - 0x00007ff9da83a000 	C:\WINDOWS\System32\GDI32.dll
0x00007ff9d9080000 - 0x00007ff9d918b000 	C:\WINDOWS\System32\gdi32full.dll
0x00007ff9d9420000 - 0x00007ff9d94bd000 	C:\WINDOWS\System32\msvcp_win.dll
0x00007ff9d18e0000 - 0x00007ff9d18ea000 	C:\WINDOWS\SYSTEM32\VERSION.dll
0x00007ff9da4d0000 - 0x00007ff9da500000 	C:\WINDOWS\System32\IMM32.DLL
0x00007ff9c7480000 - 0x00007ff9c748c000 	C:\Program Files\Java\jdk-17.0.3.1\bin\vcruntime140_1.dll
0x00007ff9a7490000 - 0x00007ff9a751d000 	C:\Program Files\Java\jdk-17.0.3.1\bin\msvcp140.dll
0x00007ff9822e0000 - 0x00007ff982ea0000 	C:\Program Files\Java\jdk-17.0.3.1\bin\server\jvm.dll
0x00007ff9dba50000 - 0x00007ff9dba58000 	C:\WINDOWS\System32\PSAPI.DLL
0x00007ff9c7cf0000 - 0x00007ff9c7cf9000 	C:\WINDOWS\SYSTEM32\WSOCK32.dll
0x00007ff9cfa60000 - 0x00007ff9cfa87000 	C:\WINDOWS\SYSTEM32\WINMM.dll
0x00007ff9db620000 - 0x00007ff9db68b000 	C:\WINDOWS\System32\WS2_32.dll
0x00007ff9d6bf0000 - 0x00007ff9d6c02000 	C:\WINDOWS\SYSTEM32\kernel.appcore.dll
0x00007ff9c7180000 - 0x00007ff9c718a000 	C:\Program Files\Java\jdk-17.0.3.1\bin\jimage.dll
0x00007ff9ce200000 - 0x00007ff9ce3e4000 	C:\WINDOWS\SYSTEM32\DBGHELP.DLL
0x00007ff9ce1d0000 - 0x00007ff9ce1fc000 	C:\WINDOWS\SYSTEM32\dbgcore.DLL
0x00007ff9d8d20000 - 0x00007ff9d8da2000 	C:\WINDOWS\System32\bcryptPrimitives.dll
0x00007ff9c6e80000 - 0x00007ff9c6e8e000 	C:\Program Files\Java\jdk-17.0.3.1\bin\instrument.dll
0x00007ff9ba930000 - 0x00007ff9ba955000 	C:\Program Files\Java\jdk-17.0.3.1\bin\java.dll
0x00007ff9a5df0000 - 0x00007ff9a5ec6000 	C:\Program Files\Java\jdk-17.0.3.1\bin\jsvml.dll
0x00007ff9d97b0000 - 0x00007ff9d9ef4000 	C:\WINDOWS\System32\SHELL32.dll
0x00007ff9d6df0000 - 0x00007ff9d7584000 	C:\WINDOWS\SYSTEM32\windows.storage.dll
0x00007ff9db690000 - 0x00007ff9db9e4000 	C:\WINDOWS\System32\combase.dll
0x00007ff9d86a0000 - 0x00007ff9d86cc000 	C:\WINDOWS\SYSTEM32\Wldp.dll
0x00007ff9d9700000 - 0x00007ff9d97ad000 	C:\WINDOWS\System32\SHCORE.dll
0x00007ff9daa90000 - 0x00007ff9daae5000 	C:\WINDOWS\System32\shlwapi.dll
0x00007ff9d8c60000 - 0x00007ff9d8c7f000 	C:\WINDOWS\SYSTEM32\profapi.dll
0x00007ff9b9690000 - 0x00007ff9b96a8000 	C:\Program Files\Java\jdk-17.0.3.1\bin\zip.dll
0x00007ff9be0a0000 - 0x00007ff9be0b9000 	C:\Program Files\Java\jdk-17.0.3.1\bin\net.dll
0x00007ff9c8750000 - 0x00007ff9c885a000 	C:\WINDOWS\SYSTEM32\WINHTTP.dll
0x00007ff9d8410000 - 0x00007ff9d847a000 	C:\WINDOWS\system32\mswsock.dll
0x00007ff9bd1b0000 - 0x00007ff9bd1c6000 	C:\Program Files\Java\jdk-17.0.3.1\bin\nio.dll
0x00007ff9bd4e0000 - 0x00007ff9bd4fa000 	C:\Users\Claudia Layrisse\AppData\Local\JetBrains\Toolbox\apps\IDEA-C\ch-0\221.5591.52\bin\breakgen64.dll
0x00007ff9c6ec0000 - 0x00007ff9c6ed0000 	C:\Program Files\Java\jdk-17.0.3.1\bin\verify.dll

dbghelp: loaded successfully - version: 4.0.5 - missing functions: none
symbol engine: initialized successfully - sym options: 0x614 - pdb path: .;C:\Program Files\Java\jdk-17.0.3.1\bin;C:\WINDOWS\SYSTEM32;C:\Program Files (x86)\AVG\Antivirus;C:\WINDOWS\WinSxS\amd64_microsoft.windows.common-controls_6595b64144ccf1df_6.0.19041.1110_none_60b5254171f9507e;C:\Program Files\Java\jdk-17.0.3.1\bin\server;C:\Users\Claudia Layrisse\AppData\Local\JetBrains\Toolbox\apps\IDEA-C\ch-0\221.5591.52\bin

VM Arguments:
jvm_args: -javaagent:C:\Users\Claudia Layrisse\AppData\Local\JetBrains\Toolbox\apps\IDEA-C\ch-0\221.5591.52\lib\idea_rt.jar=53706:C:\Users\Claudia Layrisse\AppData\Local\JetBrains\Toolbox\apps\IDEA-C\ch-0\221.5591.52\bin -Dfile.encoding=UTF-8 
java_command: com.pokemonapp.PokemonAppApplication
java_class_path (initial): C:\Users\Claudia Layrisse\Desktop\ironhack\java\java-pokemon-api\pokemon-app\target\classes;C:\Users\Claudia Layrisse\.m2\repository\org\springframework\boot\spring-boot-starter-data-jpa\2.7.1\spring-boot-starter-data-jpa-2.7.1.jar;C:\Users\Claudia Layrisse\.m2\repository\org\springframework\boot\spring-boot-starter-aop\2.7.1\spring-boot-starter-aop-2.7.1.jar;C:\Users\Claudia Layrisse\.m2\repository\org\springframework\spring-aop\5.3.21\spring-aop-5.3.21.jar;C:\Users\Claudia Layrisse\.m2\repository\org\aspectj\aspectjweaver\1.9.7\aspectjweaver-1.9.7.jar;C:\Users\Claudia Layrisse\.m2\repository\org\springframework\boot\spring-boot-starter-jdbc\2.7.1\spring-boot-starter-jdbc-2.7.1.jar;C:\Users\Claudia Layrisse\.m2\repository\com\zaxxer\HikariCP\4.0.3\HikariCP-4.0.3.jar;C:\Users\Claudia Layrisse\.m2\repository\org\springframework\spring-jdbc\5.3.21\spring-jdbc-5.3.21.jar;C:\Users\Claudia Layrisse\.m2\repository\jakarta\transaction\jakarta.transaction-api\1.3.3\jakarta.transaction-api-1.3.3.jar;C:\Users\Claudia Layrisse\.m2\repository\jakarta\persistence\jakarta.persistence-api\2.2.3\jakarta.persistence-api-2.2.3.jar;C:\Users\Claudia Layrisse\.m2\repository\org\hibernate\hibernate-core\5.6.9.Final\hibernate-core-5.6.9.Final.jar;C:\Users\Claudia Layrisse\.m2\repository\org\jboss\logging\jboss-logging\3.4.3.Final\jboss-logging-3.4.3.Final.jar;C:\Users\Claudia Layrisse\.m2\repository\net\bytebuddy\byte-buddy\1.12.11\byte-buddy-1.12.11.jar;C:\Users\Claudia Layrisse\.m2\repository\antlr\antlr\2.7.7\antlr-2.7.7.jar;C:\Users\Claudia Layrisse\.m2\repository\org\jboss\jandex\2.4.2.Final\jandex-2.4.2.Final.jar;C:\Users\Claudia Layrisse\.m2\repository\com\fasterxml\classmate\1.5.1\classmate-1.5.1.jar;C:\Users\Claudia Layrisse\.m2\repository\org\hibernate\common\hibernate-commons-annotations\5.1.2.Final\hibernate-commons-annotations-5.1.2.Final.jar;C:\Users\Claudia Layrisse\.m2\repository\org\glassfish\jaxb\jaxb-runtime\2.3.6\jaxb-runtime-2.3.6.jar;C:\U
Launcher Type: SUN_STANDARD

[Global flags]
     intx CICompilerCount                          = 4                                         {product} {ergonomic}
     uint ConcGCThreads                            = 2                                         {product} {ergonomic}
     uint G1ConcRefinementThreads                  = 8                                         {product} {ergonomic}
   size_t G1HeapRegionSize                         = 2097152                                   {product} {ergonomic}
    uintx GCDrainStackTargetSize                   = 64                                        {product} {ergonomic}
   size_t InitialHeapSize                          = 201326592                                 {product} {ergonomic}
   size_t MarkStackSize                            = 4194304                                   {product} {ergonomic}
   size_t MaxHeapSize                              = 3210739712                                {product} {ergonomic}
   size_t MaxNewSize                               = 1925185536                                {product} {ergonomic}
   size_t MinHeapDeltaBytes                        = 2097152                                   {product} {ergonomic}
   size_t MinHeapSize                              = 8388608                                   {product} {ergonomic}
    uintx NonNMethodCodeHeapSize                   = 5839372                                {pd product} {ergonomic}
    uintx NonProfiledCodeHeapSize                  = 122909434                              {pd product} {ergonomic}
    uintx ProfiledCodeHeapSize                     = 122909434                              {pd product} {ergonomic}
    uintx ReservedCodeCacheSize                    = 251658240                              {pd product} {ergonomic}
     bool SegmentedCodeCache                       = true                                      {product} {ergonomic}
   size_t SoftMaxHeapSize                          = 3210739712                             {manageable} {ergonomic}
     bool UseCompressedClassPointers               = true                           {product lp64_product} {ergonomic}
     bool UseCompressedOops                        = true                           {product lp64_product} {ergonomic}
     bool UseG1GC                                  = true                                      {product} {ergonomic}
     bool UseLargePagesIndividualAllocation        = false                                  {pd product} {ergonomic}

Logging:
Log output configuration:
 #0: stdout all=warning uptime,level,tags
 #1: stderr all=off uptime,level,tags

Environment Variables:
PATH=C:\Program Files\Common Files\Oracle\Java\javapath;C:\Program Files (x86)\NVIDIA Corporation\PhysX\Common;C:\Program Files (x86)\Intel\iCLS Client\;C:\Program Files\Intel\iCLS Client\;C:\Program Files\Common Files\Microsoft Shared\Windows Live;C:\Program Files (x86)\Common Files\Microsoft Shared\Windows Live;C:\WINDOWS\system32;C:\WINDOWS;C:\WINDOWS\System32\Wbem;C:\WINDOWS\System32\WindowsPowerShell\v1.0\;C:\Program Files (x86)\Windows Live\Shared;C:\Program Files\Intel\Intel(R) Management Engine Components\DAL;C:\Program Files\Intel\Intel(R) Management Engine Components\IPT;C:\Program Files (x86)\Intel\Intel(R) Management Engine Components\DAL;C:\Program Files (x86)\Intel\Intel(R) Management Engine Components\IPT;C:\Program Files (x86)\Autodesk\Backburner\;C:\Program Files\Common Files\Autodesk Shared\;C:\Program Files (x86)\Common Files\Autodesk Shared\;C:\Program Files (x86)\QuickTime\QTSystem\;C:\WINDOWS\System32\OpenSSH\;C:\Program Files\Git\cmd;C:\Program Files\PuTTY\;C:\Program Files\Amazon\AWSCLIV2\;C:\Program Files (x86)\Calibre2\;C:\Program Files\nodejs\;C:\Users\Claudia Layrisse\AppData\Local\Programs\Python\Python39\Scripts\;C:\Users\Claudia Layrisse\AppData\Local\Programs\Python\Python39\;C:\Users\Claudia Layrisse\AppData\Local\Programs\Microsoft VS Code\bin;C:\Users\Claudia Layrisse\AppData\Local\Microsoft\WindowsApps;C:\Program Files\heroku\bin;C:\Users\Claudia Layrisse\AppData\Roaming\npm
USERNAME=Claudia Layrisse
OS=Windows_NT
PROCESSOR_IDENTIFIER=Intel64 Family 6 Model 58 Stepping 9, GenuineIntel



---------------  S Y S T E M  ---------------

OS:
 Windows 10 , 64 bit Build 19041 (10.0.19041.1741)
OS uptime: 3 days 7:55 hours
Hyper-V role detected

CPU: total 8 (initial active 8) (4 cores per cpu, 2 threads per core) family 6 model 58 stepping 9 microcode 0x21, cx8, cmov, fxsr, ht, mmx, sse, sse2, sse3, ssse3, sse4.1, sse4.2, popcnt, tsc, tscinvbit, avx, aes, erms, clmul, vzeroupper, clflush, hv

Memory: 4k page, system-wide physical 12247M (3171M free)
TotalPageFile size 13147M (AvailPageFile size 21M)
current process WorkingSet (physical memory assigned to process): 45M, peak: 45M
current process commit charge ("private bytes"): 282M, peak: 282M

vm_info: Java HotSpot(TM) 64-Bit Server VM (17.0.3.1+2-LTS-6) for windows-amd64 JRE (17.0.3.1+2-LTS-6), built on Apr 25 2022 22:04:21 by "mach5one" with MS VC++ 16.8 / 16.9 (VS2019)

END.
